==2754== Memcheck, a memory error detector
==2754== Copyright (C) 2002-2015, and GNU GPL'd, by Julian Seward et al.
==2754== Using Valgrind-3.11.0 and LibVEX; rerun with -h for copyright info
==2754== Command: Release/ksequencer --port 16:0
==2754== 
==2754== 
==2754== HEAP SUMMARY:
==2754==     in use at exit: 208,077 bytes in 1,647 blocks
==2754==   total heap usage: 64,436,994 allocs, 64,435,347 frees, 1,376,661,327 bytes allocated
==2754== 
==2754== 3 bytes in 1 blocks are possibly lost in loss record 1 of 355
==2754==    at 0x4C2DB8F: malloc (in /usr/lib/valgrind/vgpreload_memcheck-amd64-linux.so)
==2754==    by 0x5FD39E4: ??? (in /usr/lib/x86_64-linux-gnu/libasound.so.2.0.0)
==2754==    by 0x5FD401D: ??? (in /usr/lib/x86_64-linux-gnu/libasound.so.2.0.0)
==2754==    by 0x5FD4109: ??? (in /usr/lib/x86_64-linux-gnu/libasound.so.2.0.0)
==2754==    by 0x5FD5FF3: ??? (in /usr/lib/x86_64-linux-gnu/libasound.so.2.0.0)
==2754==    by 0x5FD6224: ??? (in /usr/lib/x86_64-linux-gnu/libasound.so.2.0.0)
==2754==    by 0x5FD6224: ??? (in /usr/lib/x86_64-linux-gnu/libasound.so.2.0.0)
==2754==    by 0x5FD65F2: ??? (in /usr/lib/x86_64-linux-gnu/libasound.so.2.0.0)
==2754==    by 0x5FD683C: ??? (in /usr/lib/x86_64-linux-gnu/libasound.so.2.0.0)
==2754==    by 0x5FD869A: snd_config_hook_load (in /usr/lib/x86_64-linux-gnu/libasound.so.2.0.0)
==2754==    by 0x5FD91B8: ??? (in /usr/lib/x86_64-linux-gnu/libasound.so.2.0.0)
==2754==    by 0x5FD9874: snd_config_update_r (in /usr/lib/x86_64-linux-gnu/libasound.so.2.0.0)
==2754== 
==2754== 3 bytes in 1 blocks are possibly lost in loss record 2 of 355
==2754==    at 0x4C2DB8F: malloc (in /usr/lib/valgrind/vgpreload_memcheck-amd64-linux.so)
==2754==    by 0x5FD39E4: ??? (in /usr/lib/x86_64-linux-gnu/libasound.so.2.0.0)
==2754==    by 0x5FD401D: ??? (in /usr/lib/x86_64-linux-gnu/libasound.so.2.0.0)
==2754==    by 0x5FD4109: ??? (in /usr/lib/x86_64-linux-gnu/libasound.so.2.0.0)
==2754==    by 0x5FD5FF3: ??? (in /usr/lib/x86_64-linux-gnu/libasound.so.2.0.0)
==2754==    by 0x5FD6224: ??? (in /usr/lib/x86_64-linux-gnu/libasound.so.2.0.0)
==2754==    by 0x5FD6224: ??? (in /usr/lib/x86_64-linux-gnu/libasound.so.2.0.0)
==2754==    by 0x5FD65F2: ??? (in /usr/lib/x86_64-linux-gnu/libasound.so.2.0.0)
==2754==    by 0x5FD683C: ??? (in /usr/lib/x86_64-linux-gnu/libasound.so.2.0.0)
==2754==    by 0x5FD8565: snd_config_hook_load (in /usr/lib/x86_64-linux-gnu/libasound.so.2.0.0)
==2754==    by 0xF411B75: ???
==2754==    by 0x5FD91B8: ??? (in /usr/lib/x86_64-linux-gnu/libasound.so.2.0.0)
==2754== 
==2754== 4 bytes in 2 blocks are possibly lost in loss record 4 of 355
==2754==    at 0x4C2DB8F: malloc (in /usr/lib/valgrind/vgpreload_memcheck-amd64-linux.so)
==2754==    by 0x68588D9: strdup (strdup.c:42)
==2754==    by 0x5FD6370: ??? (in /usr/lib/x86_64-linux-gnu/libasound.so.2.0.0)
==2754==    by 0x5FD5F61: ??? (in /usr/lib/x86_64-linux-gnu/libasound.so.2.0.0)
==2754==    by 0x5FD65F2: ??? (in /usr/lib/x86_64-linux-gnu/libasound.so.2.0.0)
==2754==    by 0x5FD97EA: snd_config_update_r (in /usr/lib/x86_64-linux-gnu/libasound.so.2.0.0)
==2754==    by 0x5FD9D14: snd_config_update (in /usr/lib/x86_64-linux-gnu/libasound.so.2.0.0)
==2754==    by 0x6044A04: snd_seq_open (in /usr/lib/x86_64-linux-gnu/libasound.so.2.0.0)
==2754==    by 0x405867: setupSequencer (main.c:128)
==2754==    by 0x405F4F: setup (main.c:227)
==2754==    by 0x406763: main (main.c:308)
==2754== 
==2754== 4 bytes in 2 blocks are possibly lost in loss record 5 of 355
==2754==    at 0x4C2DB8F: malloc (in /usr/lib/valgrind/vgpreload_memcheck-amd64-linux.so)
==2754==    by 0x68588D9: strdup (strdup.c:42)
==2754==    by 0x5FD6370: ??? (in /usr/lib/x86_64-linux-gnu/libasound.so.2.0.0)
==2754==    by 0x5FD5F61: ??? (in /usr/lib/x86_64-linux-gnu/libasound.so.2.0.0)
==2754==    by 0x5FD6524: ??? (in /usr/lib/x86_64-linux-gnu/libasound.so.2.0.0)
==2754==    by 0x5FD5F61: ??? (in /usr/lib/x86_64-linux-gnu/libasound.so.2.0.0)
==2754==    by 0x5FD65F2: ??? (in /usr/lib/x86_64-linux-gnu/libasound.so.2.0.0)
==2754==    by 0x5FD97EA: snd_config_update_r (in /usr/lib/x86_64-linux-gnu/libasound.so.2.0.0)
==2754==    by 0x5FD9D14: snd_config_update (in /usr/lib/x86_64-linux-gnu/libasound.so.2.0.0)
==2754==    by 0x6044A04: snd_seq_open (in /usr/lib/x86_64-linux-gnu/libasound.so.2.0.0)
==2754==    by 0x405867: setupSequencer (main.c:128)
==2754==    by 0x405F4F: setup (main.c:227)
==2754== 
==2754== 12 bytes in 2 blocks are possibly lost in loss record 12 of 355
==2754==    at 0x4C2DB8F: malloc (in /usr/lib/valgrind/vgpreload_memcheck-amd64-linux.so)
==2754==    by 0x5FD39E4: ??? (in /usr/lib/x86_64-linux-gnu/libasound.so.2.0.0)
==2754==    by 0x5FD401D: ??? (in /usr/lib/x86_64-linux-gnu/libasound.so.2.0.0)
==2754==    by 0x5FD4109: ??? (in /usr/lib/x86_64-linux-gnu/libasound.so.2.0.0)
==2754==    by 0x5FD5FF3: ??? (in /usr/lib/x86_64-linux-gnu/libasound.so.2.0.0)
==2754==    by 0x5FD6224: ??? (in /usr/lib/x86_64-linux-gnu/libasound.so.2.0.0)
==2754==    by 0x5FD65F2: ??? (in /usr/lib/x86_64-linux-gnu/libasound.so.2.0.0)
==2754==    by 0x5FD683C: ??? (in /usr/lib/x86_64-linux-gnu/libasound.so.2.0.0)
==2754==    by 0x5FD869A: snd_config_hook_load (in /usr/lib/x86_64-linux-gnu/libasound.so.2.0.0)
==2754==    by 0x5FD91B8: ??? (in /usr/lib/x86_64-linux-gnu/libasound.so.2.0.0)
==2754==    by 0x5FD9874: snd_config_update_r (in /usr/lib/x86_64-linux-gnu/libasound.so.2.0.0)
==2754==    by 0x5FD9D14: snd_config_update (in /usr/lib/x86_64-linux-gnu/libasound.so.2.0.0)
==2754== 
==2754== 12 bytes in 2 blocks are possibly lost in loss record 13 of 355
==2754==    at 0x4C2DB8F: malloc (in /usr/lib/valgrind/vgpreload_memcheck-amd64-linux.so)
==2754==    by 0x5FD39E4: ??? (in /usr/lib/x86_64-linux-gnu/libasound.so.2.0.0)
==2754==    by 0x5FD401D: ??? (in /usr/lib/x86_64-linux-gnu/libasound.so.2.0.0)
==2754==    by 0x5FD4109: ??? (in /usr/lib/x86_64-linux-gnu/libasound.so.2.0.0)
==2754==    by 0x5FD5FF3: ??? (in /usr/lib/x86_64-linux-gnu/libasound.so.2.0.0)
==2754==    by 0x5FD6224: ??? (in /usr/lib/x86_64-linux-gnu/libasound.so.2.0.0)
==2754==    by 0x5FD65F2: ??? (in /usr/lib/x86_64-linux-gnu/libasound.so.2.0.0)
==2754==    by 0x5FD683C: ??? (in /usr/lib/x86_64-linux-gnu/libasound.so.2.0.0)
==2754==    by 0x5FD8565: snd_config_hook_load (in /usr/lib/x86_64-linux-gnu/libasound.so.2.0.0)
==2754==    by 0xF411B75: ???
==2754==    by 0x5FD91B8: ??? (in /usr/lib/x86_64-linux-gnu/libasound.so.2.0.0)
==2754==    by 0x5FD9E05: snd_config_searcha_hooks (in /usr/lib/x86_64-linux-gnu/libasound.so.2.0.0)
==2754== 
==2754== 12 bytes in 6 blocks are possibly lost in loss record 14 of 355
==2754==    at 0x4C2DB8F: malloc (in /usr/lib/valgrind/vgpreload_memcheck-amd64-linux.so)
==2754==    by 0x68588D9: strdup (strdup.c:42)
==2754==    by 0x5FD6370: ??? (in /usr/lib/x86_64-linux-gnu/libasound.so.2.0.0)
==2754==    by 0x5FD5F61: ??? (in /usr/lib/x86_64-linux-gnu/libasound.so.2.0.0)
==2754==    by 0x5FD6524: ??? (in /usr/lib/x86_64-linux-gnu/libasound.so.2.0.0)
==2754==    by 0x5FD5F61: ??? (in /usr/lib/x86_64-linux-gnu/libasound.so.2.0.0)
==2754==    by 0x5FD6524: ??? (in /usr/lib/x86_64-linux-gnu/libasound.so.2.0.0)
==2754==    by 0x5FD5F61: ??? (in /usr/lib/x86_64-linux-gnu/libasound.so.2.0.0)
==2754==    by 0x5FD65F2: ??? (in /usr/lib/x86_64-linux-gnu/libasound.so.2.0.0)
==2754==    by 0x5FD97EA: snd_config_update_r (in /usr/lib/x86_64-linux-gnu/libasound.so.2.0.0)
==2754==    by 0x5FD9D14: snd_config_update (in /usr/lib/x86_64-linux-gnu/libasound.so.2.0.0)
==2754==    by 0x6044A04: snd_seq_open (in /usr/lib/x86_64-linux-gnu/libasound.so.2.0.0)
==2754== 
==2754== 14 bytes in 2 blocks are possibly lost in loss record 15 of 355
==2754==    at 0x4C2DB8F: malloc (in /usr/lib/valgrind/vgpreload_memcheck-amd64-linux.so)
==2754==    by 0x5FD39E4: ??? (in /usr/lib/x86_64-linux-gnu/libasound.so.2.0.0)
==2754==    by 0x5FD401D: ??? (in /usr/lib/x86_64-linux-gnu/libasound.so.2.0.0)
==2754==    by 0x5FD4109: ??? (in /usr/lib/x86_64-linux-gnu/libasound.so.2.0.0)
==2754==    by 0x5FD5FF3: ??? (in /usr/lib/x86_64-linux-gnu/libasound.so.2.0.0)
==2754==    by 0x5FD6524: ??? (in /usr/lib/x86_64-linux-gnu/libasound.so.2.0.0)
==2754==    by 0x5FD5F61: ??? (in /usr/lib/x86_64-linux-gnu/libasound.so.2.0.0)
==2754==    by 0x5FD6524: ??? (in /usr/lib/x86_64-linux-gnu/libasound.so.2.0.0)
==2754==    by 0x5FD5F61: ??? (in /usr/lib/x86_64-linux-gnu/libasound.so.2.0.0)
==2754==    by 0x5FD65F2: ??? (in /usr/lib/x86_64-linux-gnu/libasound.so.2.0.0)
==2754==    by 0x5FD97EA: snd_config_update_r (in /usr/lib/x86_64-linux-gnu/libasound.so.2.0.0)
==2754==    by 0x5FD9D14: snd_config_update (in /usr/lib/x86_64-linux-gnu/libasound.so.2.0.0)
==2754== 
==2754== 14 bytes in 2 blocks are possibly lost in loss record 16 of 355
==2754==    at 0x4C2DB8F: malloc (in /usr/lib/valgrind/vgpreload_memcheck-amd64-linux.so)
==2754==    by 0x5FD39E4: ??? (in /usr/lib/x86_64-linux-gnu/libasound.so.2.0.0)
==2754==    by 0x5FD3C96: ??? (in /usr/lib/x86_64-linux-gnu/libasound.so.2.0.0)
==2754==    by 0x5FD3F5C: ??? (in /usr/lib/x86_64-linux-gnu/libasound.so.2.0.0)
==2754==    by 0x5FD4109: ??? (in /usr/lib/x86_64-linux-gnu/libasound.so.2.0.0)
==2754==    by 0x5FD5FF3: ??? (in /usr/lib/x86_64-linux-gnu/libasound.so.2.0.0)
==2754==    by 0x5FD65F2: ??? (in /usr/lib/x86_64-linux-gnu/libasound.so.2.0.0)
==2754==    by 0x5FD97EA: snd_config_update_r (in /usr/lib/x86_64-linux-gnu/libasound.so.2.0.0)
==2754==    by 0x5FD9D14: snd_config_update (in /usr/lib/x86_64-linux-gnu/libasound.so.2.0.0)
==2754==    by 0x6044A04: snd_seq_open (in /usr/lib/x86_64-linux-gnu/libasound.so.2.0.0)
==2754==    by 0x405867: setupSequencer (main.c:128)
==2754==    by 0x405F4F: setup (main.c:227)
==2754== 
==2754== 15 bytes in 3 blocks are possibly lost in loss record 17 of 355
==2754==    at 0x4C2DB8F: malloc (in /usr/lib/valgrind/vgpreload_memcheck-amd64-linux.so)
==2754==    by 0x5FD39E4: ??? (in /usr/lib/x86_64-linux-gnu/libasound.so.2.0.0)
==2754==    by 0x5FD401D: ??? (in /usr/lib/x86_64-linux-gnu/libasound.so.2.0.0)
==2754==    by 0x5FD5DDE: ??? (in /usr/lib/x86_64-linux-gnu/libasound.so.2.0.0)
==2754==    by 0x5FD6224: ??? (in /usr/lib/x86_64-linux-gnu/libasound.so.2.0.0)
==2754==    by 0x5FD65F2: ??? (in /usr/lib/x86_64-linux-gnu/libasound.so.2.0.0)
==2754==    by 0x5FD683C: ??? (in /usr/lib/x86_64-linux-gnu/libasound.so.2.0.0)
==2754==    by 0x5FD8565: snd_config_hook_load (in /usr/lib/x86_64-linux-gnu/libasound.so.2.0.0)
==2754==    by 0xF411B75: ???
==2754==    by 0x5FD91B8: ??? (in /usr/lib/x86_64-linux-gnu/libasound.so.2.0.0)
==2754==    by 0x5FD9E05: snd_config_searcha_hooks (in /usr/lib/x86_64-linux-gnu/libasound.so.2.0.0)
==2754==    by 0x5FD9F00: snd_config_searchva_hooks (in /usr/lib/x86_64-linux-gnu/libasound.so.2.0.0)
==2754== 
==2754== 16 bytes in 1 blocks are possibly lost in loss record 103 of 355
==2754==    at 0x4C2FB55: calloc (in /usr/lib/valgrind/vgpreload_memcheck-amd64-linux.so)
==2754==    by 0x4E89780: g_malloc0 (in /lib/x86_64-linux-gnu/libglib-2.0.so.0.4800.1)
==2754==    by 0x5D82522: ??? (in /usr/lib/x86_64-linux-gnu/libgobject-2.0.so.0.4800.1)
==2754==    by 0x5D86F90: g_type_register_fundamental (in /usr/lib/x86_64-linux-gnu/libgobject-2.0.so.0.4800.1)
==2754==    by 0x5D6630B: ??? (in /usr/lib/x86_64-linux-gnu/libgobject-2.0.so.0.4800.1)
==2754==    by 0x5D60177: ??? (in /usr/lib/x86_64-linux-gnu/libgobject-2.0.so.0.4800.1)
==2754==    by 0x40104E9: call_init.part.0 (dl-init.c:72)
==2754==    by 0x40105FA: call_init (dl-init.c:30)
==2754==    by 0x40105FA: _dl_init (dl-init.c:120)
==2754==    by 0x4000CF9: ??? (in /lib/x86_64-linux-gnu/ld-2.23.so)
==2754==    by 0x2: ???
==2754==    by 0xFFF0000F6: ???
==2754==    by 0xFFF000109: ???
==2754== 
==2754== 16 bytes in 1 blocks are possibly lost in loss record 104 of 355
==2754==    at 0x4C2DB8F: malloc (in /usr/lib/valgrind/vgpreload_memcheck-amd64-linux.so)
==2754==    by 0x4C2FDEF: realloc (in /usr/lib/valgrind/vgpreload_memcheck-amd64-linux.so)
==2754==    by 0x4E897E7: g_realloc (in /lib/x86_64-linux-gnu/libglib-2.0.so.0.4800.1)
==2754==    by 0x5D82406: ??? (in /usr/lib/x86_64-linux-gnu/libgobject-2.0.so.0.4800.1)
==2754==    by 0x5D86F90: g_type_register_fundamental (in /usr/lib/x86_64-linux-gnu/libgobject-2.0.so.0.4800.1)
==2754==    by 0x5D6630B: ??? (in /usr/lib/x86_64-linux-gnu/libgobject-2.0.so.0.4800.1)
==2754==    by 0x5D60177: ??? (in /usr/lib/x86_64-linux-gnu/libgobject-2.0.so.0.4800.1)
==2754==    by 0x40104E9: call_init.part.0 (dl-init.c:72)
==2754==    by 0x40105FA: call_init (dl-init.c:30)
==2754==    by 0x40105FA: _dl_init (dl-init.c:120)
==2754==    by 0x4000CF9: ??? (in /lib/x86_64-linux-gnu/ld-2.23.so)
==2754==    by 0x2: ???
==2754==    by 0xFFF0000F6: ???
==2754== 
==2754== 16 bytes in 1 blocks are possibly lost in loss record 105 of 355
==2754==    at 0x4C2FB55: calloc (in /usr/lib/valgrind/vgpreload_memcheck-amd64-linux.so)
==2754==    by 0x4E89780: g_malloc0 (in /lib/x86_64-linux-gnu/libglib-2.0.so.0.4800.1)
==2754==    by 0x5D82522: ??? (in /usr/lib/x86_64-linux-gnu/libgobject-2.0.so.0.4800.1)
==2754==    by 0x5D86F90: g_type_register_fundamental (in /usr/lib/x86_64-linux-gnu/libgobject-2.0.so.0.4800.1)
==2754==    by 0x5D66371: ??? (in /usr/lib/x86_64-linux-gnu/libgobject-2.0.so.0.4800.1)
==2754==    by 0x5D60177: ??? (in /usr/lib/x86_64-linux-gnu/libgobject-2.0.so.0.4800.1)
==2754==    by 0x40104E9: call_init.part.0 (dl-init.c:72)
==2754==    by 0x40105FA: call_init (dl-init.c:30)
==2754==    by 0x40105FA: _dl_init (dl-init.c:120)
==2754==    by 0x4000CF9: ??? (in /lib/x86_64-linux-gnu/ld-2.23.so)
==2754==    by 0x2: ???
==2754==    by 0xFFF0000F6: ???
==2754==    by 0xFFF000109: ???
==2754== 
==2754== 16 bytes in 1 blocks are possibly lost in loss record 106 of 355
==2754==    at 0x4C2DB8F: malloc (in /usr/lib/valgrind/vgpreload_memcheck-amd64-linux.so)
==2754==    by 0x4C2FDEF: realloc (in /usr/lib/valgrind/vgpreload_memcheck-amd64-linux.so)
==2754==    by 0x4E897E7: g_realloc (in /lib/x86_64-linux-gnu/libglib-2.0.so.0.4800.1)
==2754==    by 0x5D82406: ??? (in /usr/lib/x86_64-linux-gnu/libgobject-2.0.so.0.4800.1)
==2754==    by 0x5D86F90: g_type_register_fundamental (in /usr/lib/x86_64-linux-gnu/libgobject-2.0.so.0.4800.1)
==2754==    by 0x5D66371: ??? (in /usr/lib/x86_64-linux-gnu/libgobject-2.0.so.0.4800.1)
==2754==    by 0x5D60177: ??? (in /usr/lib/x86_64-linux-gnu/libgobject-2.0.so.0.4800.1)
==2754==    by 0x40104E9: call_init.part.0 (dl-init.c:72)
==2754==    by 0x40105FA: call_init (dl-init.c:30)
==2754==    by 0x40105FA: _dl_init (dl-init.c:120)
==2754==    by 0x4000CF9: ??? (in /lib/x86_64-linux-gnu/ld-2.23.so)
==2754==    by 0x2: ???
==2754==    by 0xFFF0000F6: ???
==2754== 
==2754== 16 bytes in 1 blocks are possibly lost in loss record 107 of 355
==2754==    at 0x4C2FB55: calloc (in /usr/lib/valgrind/vgpreload_memcheck-amd64-linux.so)
==2754==    by 0x4E89780: g_malloc0 (in /lib/x86_64-linux-gnu/libglib-2.0.so.0.4800.1)
==2754==    by 0x5D82522: ??? (in /usr/lib/x86_64-linux-gnu/libgobject-2.0.so.0.4800.1)
==2754==    by 0x5D86F90: g_type_register_fundamental (in /usr/lib/x86_64-linux-gnu/libgobject-2.0.so.0.4800.1)
==2754==    by 0x5D6FB04: ??? (in /usr/lib/x86_64-linux-gnu/libgobject-2.0.so.0.4800.1)
==2754==    by 0x5D60181: ??? (in /usr/lib/x86_64-linux-gnu/libgobject-2.0.so.0.4800.1)
==2754==    by 0x40104E9: call_init.part.0 (dl-init.c:72)
==2754==    by 0x40105FA: call_init (dl-init.c:30)
==2754==    by 0x40105FA: _dl_init (dl-init.c:120)
==2754==    by 0x4000CF9: ??? (in /lib/x86_64-linux-gnu/ld-2.23.so)
==2754==    by 0x2: ???
==2754==    by 0xFFF0000F6: ???
==2754==    by 0xFFF000109: ???
==2754== 
==2754== 16 bytes in 1 blocks are possibly lost in loss record 108 of 355
==2754==    at 0x4C2DB8F: malloc (in /usr/lib/valgrind/vgpreload_memcheck-amd64-linux.so)
==2754==    by 0x4C2FDEF: realloc (in /usr/lib/valgrind/vgpreload_memcheck-amd64-linux.so)
==2754==    by 0x4E897E7: g_realloc (in /lib/x86_64-linux-gnu/libglib-2.0.so.0.4800.1)
==2754==    by 0x5D82406: ??? (in /usr/lib/x86_64-linux-gnu/libgobject-2.0.so.0.4800.1)
==2754==    by 0x5D86F90: g_type_register_fundamental (in /usr/lib/x86_64-linux-gnu/libgobject-2.0.so.0.4800.1)
==2754==    by 0x5D6FB04: ??? (in /usr/lib/x86_64-linux-gnu/libgobject-2.0.so.0.4800.1)
==2754==    by 0x5D60181: ??? (in /usr/lib/x86_64-linux-gnu/libgobject-2.0.so.0.4800.1)
==2754==    by 0x40104E9: call_init.part.0 (dl-init.c:72)
==2754==    by 0x40105FA: call_init (dl-init.c:30)
==2754==    by 0x40105FA: _dl_init (dl-init.c:120)
==2754==    by 0x4000CF9: ??? (in /lib/x86_64-linux-gnu/ld-2.23.so)
==2754==    by 0x2: ???
==2754==    by 0xFFF0000F6: ???
==2754== 
==2754== 16 bytes in 1 blocks are possibly lost in loss record 109 of 355
==2754==    at 0x4C2FB55: calloc (in /usr/lib/valgrind/vgpreload_memcheck-amd64-linux.so)
==2754==    by 0x4E89780: g_malloc0 (in /lib/x86_64-linux-gnu/libglib-2.0.so.0.4800.1)
==2754==    by 0x5D82522: ??? (in /usr/lib/x86_64-linux-gnu/libgobject-2.0.so.0.4800.1)
==2754==    by 0x5D86F90: g_type_register_fundamental (in /usr/lib/x86_64-linux-gnu/libgobject-2.0.so.0.4800.1)
==2754==    by 0x5D6AC1B: ??? (in /usr/lib/x86_64-linux-gnu/libgobject-2.0.so.0.4800.1)
==2754==    by 0x5D60186: ??? (in /usr/lib/x86_64-linux-gnu/libgobject-2.0.so.0.4800.1)
==2754==    by 0x40104E9: call_init.part.0 (dl-init.c:72)
==2754==    by 0x40105FA: call_init (dl-init.c:30)
==2754==    by 0x40105FA: _dl_init (dl-init.c:120)
==2754==    by 0x4000CF9: ??? (in /lib/x86_64-linux-gnu/ld-2.23.so)
==2754==    by 0x2: ???
==2754==    by 0xFFF0000F6: ???
==2754==    by 0xFFF000109: ???
==2754== 
==2754== 16 bytes in 1 blocks are possibly lost in loss record 110 of 355
==2754==    at 0x4C2DB8F: malloc (in /usr/lib/valgrind/vgpreload_memcheck-amd64-linux.so)
==2754==    by 0x4C2FDEF: realloc (in /usr/lib/valgrind/vgpreload_memcheck-amd64-linux.so)
==2754==    by 0x4E897E7: g_realloc (in /lib/x86_64-linux-gnu/libglib-2.0.so.0.4800.1)
==2754==    by 0x5D82406: ??? (in /usr/lib/x86_64-linux-gnu/libgobject-2.0.so.0.4800.1)
==2754==    by 0x5D86F90: g_type_register_fundamental (in /usr/lib/x86_64-linux-gnu/libgobject-2.0.so.0.4800.1)
==2754==    by 0x5D6AC1B: ??? (in /usr/lib/x86_64-linux-gnu/libgobject-2.0.so.0.4800.1)
==2754==    by 0x5D60186: ??? (in /usr/lib/x86_64-linux-gnu/libgobject-2.0.so.0.4800.1)
==2754==    by 0x40104E9: call_init.part.0 (dl-init.c:72)
==2754==    by 0x40105FA: call_init (dl-init.c:30)
==2754==    by 0x40105FA: _dl_init (dl-init.c:120)
==2754==    by 0x4000CF9: ??? (in /lib/x86_64-linux-gnu/ld-2.23.so)
==2754==    by 0x2: ???
==2754==    by 0xFFF0000F6: ???
==2754== 
==2754== 16 bytes in 2 blocks are possibly lost in loss record 111 of 355
==2754==    at 0x4C2DB8F: malloc (in /usr/lib/valgrind/vgpreload_memcheck-amd64-linux.so)
==2754==    by 0x5FD39E4: ??? (in /usr/lib/x86_64-linux-gnu/libasound.so.2.0.0)
==2754==    by 0x5FD401D: ??? (in /usr/lib/x86_64-linux-gnu/libasound.so.2.0.0)
==2754==    by 0x5FD5DDE: ??? (in /usr/lib/x86_64-linux-gnu/libasound.so.2.0.0)
==2754==    by 0x5FD65F2: ??? (in /usr/lib/x86_64-linux-gnu/libasound.so.2.0.0)
==2754==    by 0x5FD683C: ??? (in /usr/lib/x86_64-linux-gnu/libasound.so.2.0.0)
==2754==    by 0x5FD8565: snd_config_hook_load (in /usr/lib/x86_64-linux-gnu/libasound.so.2.0.0)
==2754==    by 0xF411B75: ???
==2754==    by 0x5FD91B8: ??? (in /usr/lib/x86_64-linux-gnu/libasound.so.2.0.0)
==2754==    by 0x5FD9E05: snd_config_searcha_hooks (in /usr/lib/x86_64-linux-gnu/libasound.so.2.0.0)
==2754==    by 0x5FD9F00: snd_config_searchva_hooks (in /usr/lib/x86_64-linux-gnu/libasound.so.2.0.0)
==2754==    by 0x5FDA015: ??? (in /usr/lib/x86_64-linux-gnu/libasound.so.2.0.0)
==2754== 
==2754== 16 bytes in 8 blocks are possibly lost in loss record 112 of 355
==2754==    at 0x4C2DB8F: malloc (in /usr/lib/valgrind/vgpreload_memcheck-amd64-linux.so)
==2754==    by 0x68588D9: strdup (strdup.c:42)
==2754==    by 0x5FD6370: ??? (in /usr/lib/x86_64-linux-gnu/libasound.so.2.0.0)
==2754==    by 0x5FD5F61: ??? (in /usr/lib/x86_64-linux-gnu/libasound.so.2.0.0)
==2754==    by 0x5FD6224: ??? (in /usr/lib/x86_64-linux-gnu/libasound.so.2.0.0)
==2754==    by 0x5FD6224: ??? (in /usr/lib/x86_64-linux-gnu/libasound.so.2.0.0)
==2754==    by 0x5FD65F2: ??? (in /usr/lib/x86_64-linux-gnu/libasound.so.2.0.0)
==2754==    by 0x5FD97EA: snd_config_update_r (in /usr/lib/x86_64-linux-gnu/libasound.so.2.0.0)
==2754==    by 0x5FD9D14: snd_config_update (in /usr/lib/x86_64-linux-gnu/libasound.so.2.0.0)
==2754==    by 0x6044A04: snd_seq_open (in /usr/lib/x86_64-linux-gnu/libasound.so.2.0.0)
==2754==    by 0x405867: setupSequencer (main.c:128)
==2754==    by 0x405F4F: setup (main.c:227)
==2754== 
==2754== 17 bytes in 2 blocks are possibly lost in loss record 113 of 355
==2754==    at 0x4C2DB8F: malloc (in /usr/lib/valgrind/vgpreload_memcheck-amd64-linux.so)
==2754==    by 0x5FD39E4: ??? (in /usr/lib/x86_64-linux-gnu/libasound.so.2.0.0)
==2754==    by 0x5FD401D: ??? (in /usr/lib/x86_64-linux-gnu/libasound.so.2.0.0)
==2754==    by 0x5FD5DDE: ??? (in /usr/lib/x86_64-linux-gnu/libasound.so.2.0.0)
==2754==    by 0x5FD6224: ??? (in /usr/lib/x86_64-linux-gnu/libasound.so.2.0.0)
==2754==    by 0x5FD6224: ??? (in /usr/lib/x86_64-linux-gnu/libasound.so.2.0.0)
==2754==    by 0x5FD65F2: ??? (in /usr/lib/x86_64-linux-gnu/libasound.so.2.0.0)
==2754==    by 0x5FD683C: ??? (in /usr/lib/x86_64-linux-gnu/libasound.so.2.0.0)
==2754==    by 0x5FD869A: snd_config_hook_load (in /usr/lib/x86_64-linux-gnu/libasound.so.2.0.0)
==2754==    by 0x5FD91B8: ??? (in /usr/lib/x86_64-linux-gnu/libasound.so.2.0.0)
==2754==    by 0x5FD9874: snd_config_update_r (in /usr/lib/x86_64-linux-gnu/libasound.so.2.0.0)
==2754==    by 0x5FD9D14: snd_config_update (in /usr/lib/x86_64-linux-gnu/libasound.so.2.0.0)
==2754== 
==2754== 17 bytes in 2 blocks are possibly lost in loss record 114 of 355
==2754==    at 0x4C2DB8F: malloc (in /usr/lib/valgrind/vgpreload_memcheck-amd64-linux.so)
==2754==    by 0x5FD39E4: ??? (in /usr/lib/x86_64-linux-gnu/libasound.so.2.0.0)
==2754==    by 0x5FD401D: ??? (in /usr/lib/x86_64-linux-gnu/libasound.so.2.0.0)
==2754==    by 0x5FD5DDE: ??? (in /usr/lib/x86_64-linux-gnu/libasound.so.2.0.0)
==2754==    by 0x5FD6224: ??? (in /usr/lib/x86_64-linux-gnu/libasound.so.2.0.0)
==2754==    by 0x5FD6224: ??? (in /usr/lib/x86_64-linux-gnu/libasound.so.2.0.0)
==2754==    by 0x5FD65F2: ??? (in /usr/lib/x86_64-linux-gnu/libasound.so.2.0.0)
==2754==    by 0x5FD683C: ??? (in /usr/lib/x86_64-linux-gnu/libasound.so.2.0.0)
==2754==    by 0x5FD8565: snd_config_hook_load (in /usr/lib/x86_64-linux-gnu/libasound.so.2.0.0)
==2754==    by 0xF411B75: ???
==2754==    by 0x5FD91B8: ??? (in /usr/lib/x86_64-linux-gnu/libasound.so.2.0.0)
==2754==    by 0x5FD9E05: snd_config_searcha_hooks (in /usr/lib/x86_64-linux-gnu/libasound.so.2.0.0)
==2754== 
==2754== 18 bytes in 3 blocks are possibly lost in loss record 115 of 355
==2754==    at 0x4C2DB8F: malloc (in /usr/lib/valgrind/vgpreload_memcheck-amd64-linux.so)
==2754==    by 0x5FD39E4: ??? (in /usr/lib/x86_64-linux-gnu/libasound.so.2.0.0)
==2754==    by 0x5FD401D: ??? (in /usr/lib/x86_64-linux-gnu/libasound.so.2.0.0)
==2754==    by 0x5FD5DDE: ??? (in /usr/lib/x86_64-linux-gnu/libasound.so.2.0.0)
==2754==    by 0x5FD6524: ??? (in /usr/lib/x86_64-linux-gnu/libasound.so.2.0.0)
==2754==    by 0x5FD5F61: ??? (in /usr/lib/x86_64-linux-gnu/libasound.so.2.0.0)
==2754==    by 0x5FD6524: ??? (in /usr/lib/x86_64-linux-gnu/libasound.so.2.0.0)
==2754==    by 0x5FD5F61: ??? (in /usr/lib/x86_64-linux-gnu/libasound.so.2.0.0)
==2754==    by 0x5FD6524: ??? (in /usr/lib/x86_64-linux-gnu/libasound.so.2.0.0)
==2754==    by 0x5FD5F61: ??? (in /usr/lib/x86_64-linux-gnu/libasound.so.2.0.0)
==2754==    by 0x5FD65F2: ??? (in /usr/lib/x86_64-linux-gnu/libasound.so.2.0.0)
==2754==    by 0x5FD97EA: snd_config_update_r (in /usr/lib/x86_64-linux-gnu/libasound.so.2.0.0)
==2754== 
==2754== 24 bytes in 1 blocks are possibly lost in loss record 116 of 355
==2754==    at 0x4C2DB8F: malloc (in /usr/lib/valgrind/vgpreload_memcheck-amd64-linux.so)
==2754==    by 0x5FD39E4: ??? (in /usr/lib/x86_64-linux-gnu/libasound.so.2.0.0)
==2754==    by 0x5FD3C96: ??? (in /usr/lib/x86_64-linux-gnu/libasound.so.2.0.0)
==2754==    by 0x5FD3F5C: ??? (in /usr/lib/x86_64-linux-gnu/libasound.so.2.0.0)
==2754==    by 0x5FD4109: ??? (in /usr/lib/x86_64-linux-gnu/libasound.so.2.0.0)
==2754==    by 0x5FD5FF3: ??? (in /usr/lib/x86_64-linux-gnu/libasound.so.2.0.0)
==2754==    by 0x5FD6224: ??? (in /usr/lib/x86_64-linux-gnu/libasound.so.2.0.0)
==2754==    by 0x5FD6224: ??? (in /usr/lib/x86_64-linux-gnu/libasound.so.2.0.0)
==2754==    by 0x5FD65F2: ??? (in /usr/lib/x86_64-linux-gnu/libasound.so.2.0.0)
==2754==    by 0x5FD683C: ??? (in /usr/lib/x86_64-linux-gnu/libasound.so.2.0.0)
==2754==    by 0x5FD869A: snd_config_hook_load (in /usr/lib/x86_64-linux-gnu/libasound.so.2.0.0)
==2754==    by 0x5FD91B8: ??? (in /usr/lib/x86_64-linux-gnu/libasound.so.2.0.0)
==2754== 
==2754== 24 bytes in 5 blocks are possibly lost in loss record 117 of 355
==2754==    at 0x4C2DB8F: malloc (in /usr/lib/valgrind/vgpreload_memcheck-amd64-linux.so)
==2754==    by 0x5FD39E4: ??? (in /usr/lib/x86_64-linux-gnu/libasound.so.2.0.0)
==2754==    by 0x5FD401D: ??? (in /usr/lib/x86_64-linux-gnu/libasound.so.2.0.0)
==2754==    by 0x5FD5DDE: ??? (in /usr/lib/x86_64-linux-gnu/libasound.so.2.0.0)
==2754==    by 0x5FD6224: ??? (in /usr/lib/x86_64-linux-gnu/libasound.so.2.0.0)
==2754==    by 0x5FD65F2: ??? (in /usr/lib/x86_64-linux-gnu/libasound.so.2.0.0)
==2754==    by 0x5FD683C: ??? (in /usr/lib/x86_64-linux-gnu/libasound.so.2.0.0)
==2754==    by 0x5FD869A: snd_config_hook_load (in /usr/lib/x86_64-linux-gnu/libasound.so.2.0.0)
==2754==    by 0x5FD91B8: ??? (in /usr/lib/x86_64-linux-gnu/libasound.so.2.0.0)
==2754==    by 0x5FD9874: snd_config_update_r (in /usr/lib/x86_64-linux-gnu/libasound.so.2.0.0)
==2754==    by 0x5FD9D14: snd_config_update (in /usr/lib/x86_64-linux-gnu/libasound.so.2.0.0)
==2754==    by 0x6044A04: snd_seq_open (in /usr/lib/x86_64-linux-gnu/libasound.so.2.0.0)
==2754== 
==2754== 28 bytes in 4 blocks are possibly lost in loss record 122 of 355
==2754==    at 0x4C2DB8F: malloc (in /usr/lib/valgrind/vgpreload_memcheck-amd64-linux.so)
==2754==    by 0x5FD39E4: ??? (in /usr/lib/x86_64-linux-gnu/libasound.so.2.0.0)
==2754==    by 0x5FD401D: ??? (in /usr/lib/x86_64-linux-gnu/libasound.so.2.0.0)
==2754==    by 0x5FD5DDE: ??? (in /usr/lib/x86_64-linux-gnu/libasound.so.2.0.0)
==2754==    by 0x5FD6524: ??? (in /usr/lib/x86_64-linux-gnu/libasound.so.2.0.0)
==2754==    by 0x5FD5F61: ??? (in /usr/lib/x86_64-linux-gnu/libasound.so.2.0.0)
==2754==    by 0x5FD6524: ??? (in /usr/lib/x86_64-linux-gnu/libasound.so.2.0.0)
==2754==    by 0x5FD5F61: ??? (in /usr/lib/x86_64-linux-gnu/libasound.so.2.0.0)
==2754==    by 0x5FD65F2: ??? (in /usr/lib/x86_64-linux-gnu/libasound.so.2.0.0)
==2754==    by 0x5FD97EA: snd_config_update_r (in /usr/lib/x86_64-linux-gnu/libasound.so.2.0.0)
==2754==    by 0x5FD9D14: snd_config_update (in /usr/lib/x86_64-linux-gnu/libasound.so.2.0.0)
==2754==    by 0x6044A04: snd_seq_open (in /usr/lib/x86_64-linux-gnu/libasound.so.2.0.0)
==2754== 
==2754== 28 bytes in 14 blocks are possibly lost in loss record 123 of 355
==2754==    at 0x4C2DB8F: malloc (in /usr/lib/valgrind/vgpreload_memcheck-amd64-linux.so)
==2754==    by 0x68588D9: strdup (strdup.c:42)
==2754==    by 0x5FD6370: ??? (in /usr/lib/x86_64-linux-gnu/libasound.so.2.0.0)
==2754==    by 0x5FD5F61: ??? (in /usr/lib/x86_64-linux-gnu/libasound.so.2.0.0)
==2754==    by 0x5FD6224: ??? (in /usr/lib/x86_64-linux-gnu/libasound.so.2.0.0)
==2754==    by 0x5FD6224: ??? (in /usr/lib/x86_64-linux-gnu/libasound.so.2.0.0)
==2754==    by 0x5FD6224: ??? (in /usr/lib/x86_64-linux-gnu/libasound.so.2.0.0)
==2754==    by 0x5FD65F2: ??? (in /usr/lib/x86_64-linux-gnu/libasound.so.2.0.0)
==2754==    by 0x5FD97EA: snd_config_update_r (in /usr/lib/x86_64-linux-gnu/libasound.so.2.0.0)
==2754==    by 0x5FD9D14: snd_config_update (in /usr/lib/x86_64-linux-gnu/libasound.so.2.0.0)
==2754==    by 0x6044A04: snd_seq_open (in /usr/lib/x86_64-linux-gnu/libasound.so.2.0.0)
==2754==    by 0x405867: setupSequencer (main.c:128)
==2754== 
==2754== 29 bytes in 5 blocks are possibly lost in loss record 125 of 355
==2754==    at 0x4C2DB8F: malloc (in /usr/lib/valgrind/vgpreload_memcheck-amd64-linux.so)
==2754==    by 0x5FD39E4: ??? (in /usr/lib/x86_64-linux-gnu/libasound.so.2.0.0)
==2754==    by 0x5FD401D: ??? (in /usr/lib/x86_64-linux-gnu/libasound.so.2.0.0)
==2754==    by 0x5FD5DDE: ??? (in /usr/lib/x86_64-linux-gnu/libasound.so.2.0.0)
==2754==    by 0x5FD6524: ??? (in /usr/lib/x86_64-linux-gnu/libasound.so.2.0.0)
==2754==    by 0x5FD5F61: ??? (in /usr/lib/x86_64-linux-gnu/libasound.so.2.0.0)
==2754==    by 0x5FD65F2: ??? (in /usr/lib/x86_64-linux-gnu/libasound.so.2.0.0)
==2754==    by 0x5FD97EA: snd_config_update_r (in /usr/lib/x86_64-linux-gnu/libasound.so.2.0.0)
==2754==    by 0x5FD9D14: snd_config_update (in /usr/lib/x86_64-linux-gnu/libasound.so.2.0.0)
==2754==    by 0x6044A04: snd_seq_open (in /usr/lib/x86_64-linux-gnu/libasound.so.2.0.0)
==2754==    by 0x405867: setupSequencer (main.c:128)
==2754==    by 0x405F4F: setup (main.c:227)
==2754== 
==2754== 30 bytes in 3 blocks are possibly lost in loss record 126 of 355
==2754==    at 0x4C2DB8F: malloc (in /usr/lib/valgrind/vgpreload_memcheck-amd64-linux.so)
==2754==    by 0x5FD39E4: ??? (in /usr/lib/x86_64-linux-gnu/libasound.so.2.0.0)
==2754==    by 0x5FD401D: ??? (in /usr/lib/x86_64-linux-gnu/libasound.so.2.0.0)
==2754==    by 0x5FD4109: ??? (in /usr/lib/x86_64-linux-gnu/libasound.so.2.0.0)
==2754==    by 0x5FD5FF3: ??? (in /usr/lib/x86_64-linux-gnu/libasound.so.2.0.0)
==2754==    by 0x5FD6524: ??? (in /usr/lib/x86_64-linux-gnu/libasound.so.2.0.0)
==2754==    by 0x5FD5F61: ??? (in /usr/lib/x86_64-linux-gnu/libasound.so.2.0.0)
==2754==    by 0x5FD65F2: ??? (in /usr/lib/x86_64-linux-gnu/libasound.so.2.0.0)
==2754==    by 0x5FD97EA: snd_config_update_r (in /usr/lib/x86_64-linux-gnu/libasound.so.2.0.0)
==2754==    by 0x5FD9D14: snd_config_update (in /usr/lib/x86_64-linux-gnu/libasound.so.2.0.0)
==2754==    by 0x6044A04: snd_seq_open (in /usr/lib/x86_64-linux-gnu/libasound.so.2.0.0)
==2754==    by 0x405867: setupSequencer (main.c:128)
==2754== 
==2754== 31 bytes in 3 blocks are possibly lost in loss record 127 of 355
==2754==    at 0x4C2DB8F: malloc (in /usr/lib/valgrind/vgpreload_memcheck-amd64-linux.so)
==2754==    by 0x5FD39E4: ??? (in /usr/lib/x86_64-linux-gnu/libasound.so.2.0.0)
==2754==    by 0x5FD401D: ??? (in /usr/lib/x86_64-linux-gnu/libasound.so.2.0.0)
==2754==    by 0x5FD4109: ??? (in /usr/lib/x86_64-linux-gnu/libasound.so.2.0.0)
==2754==    by 0x5FD5FF3: ??? (in /usr/lib/x86_64-linux-gnu/libasound.so.2.0.0)
==2754==    by 0x5FD6524: ??? (in /usr/lib/x86_64-linux-gnu/libasound.so.2.0.0)
==2754==    by 0x5FD5F61: ??? (in /usr/lib/x86_64-linux-gnu/libasound.so.2.0.0)
==2754==    by 0x5FD6524: ??? (in /usr/lib/x86_64-linux-gnu/libasound.so.2.0.0)
==2754==    by 0x5FD5F61: ??? (in /usr/lib/x86_64-linux-gnu/libasound.so.2.0.0)
==2754==    by 0x5FD6524: ??? (in /usr/lib/x86_64-linux-gnu/libasound.so.2.0.0)
==2754==    by 0x5FD5F61: ??? (in /usr/lib/x86_64-linux-gnu/libasound.so.2.0.0)
==2754==    by 0x5FD65F2: ??? (in /usr/lib/x86_64-linux-gnu/libasound.so.2.0.0)
==2754== 
==2754== 34 bytes in 3 blocks are possibly lost in loss record 134 of 355
==2754==    at 0x4C2DB8F: malloc (in /usr/lib/valgrind/vgpreload_memcheck-amd64-linux.so)
==2754==    by 0x5FD39E4: ??? (in /usr/lib/x86_64-linux-gnu/libasound.so.2.0.0)
==2754==    by 0x5FD3C96: ??? (in /usr/lib/x86_64-linux-gnu/libasound.so.2.0.0)
==2754==    by 0x5FD3F5C: ??? (in /usr/lib/x86_64-linux-gnu/libasound.so.2.0.0)
==2754==    by 0x5FD4109: ??? (in /usr/lib/x86_64-linux-gnu/libasound.so.2.0.0)
==2754==    by 0x5FD63CF: ??? (in /usr/lib/x86_64-linux-gnu/libasound.so.2.0.0)
==2754==    by 0x5FD5F61: ??? (in /usr/lib/x86_64-linux-gnu/libasound.so.2.0.0)
==2754==    by 0x5FD6524: ??? (in /usr/lib/x86_64-linux-gnu/libasound.so.2.0.0)
==2754==    by 0x5FD5F61: ??? (in /usr/lib/x86_64-linux-gnu/libasound.so.2.0.0)
==2754==    by 0x5FD6524: ??? (in /usr/lib/x86_64-linux-gnu/libasound.so.2.0.0)
==2754==    by 0x5FD5F61: ??? (in /usr/lib/x86_64-linux-gnu/libasound.so.2.0.0)
==2754==    by 0x5FD65F2: ??? (in /usr/lib/x86_64-linux-gnu/libasound.so.2.0.0)
==2754== 
==2754== 44 bytes in 4 blocks are possibly lost in loss record 167 of 355
==2754==    at 0x4C2DB8F: malloc (in /usr/lib/valgrind/vgpreload_memcheck-amd64-linux.so)
==2754==    by 0x5FD39E4: ??? (in /usr/lib/x86_64-linux-gnu/libasound.so.2.0.0)
==2754==    by 0x5FD401D: ??? (in /usr/lib/x86_64-linux-gnu/libasound.so.2.0.0)
==2754==    by 0x5FD5DDE: ??? (in /usr/lib/x86_64-linux-gnu/libasound.so.2.0.0)
==2754==    by 0x5FD65F2: ??? (in /usr/lib/x86_64-linux-gnu/libasound.so.2.0.0)
==2754==    by 0x5FD683C: ??? (in /usr/lib/x86_64-linux-gnu/libasound.so.2.0.0)
==2754==    by 0x5FD869A: snd_config_hook_load (in /usr/lib/x86_64-linux-gnu/libasound.so.2.0.0)
==2754==    by 0x5FD91B8: ??? (in /usr/lib/x86_64-linux-gnu/libasound.so.2.0.0)
==2754==    by 0x5FD9874: snd_config_update_r (in /usr/lib/x86_64-linux-gnu/libasound.so.2.0.0)
==2754==    by 0x5FD9D14: snd_config_update (in /usr/lib/x86_64-linux-gnu/libasound.so.2.0.0)
==2754==    by 0x6044A04: snd_seq_open (in /usr/lib/x86_64-linux-gnu/libasound.so.2.0.0)
==2754==    by 0x405867: setupSequencer (main.c:128)
==2754== 
==2754== 55 bytes in 1 blocks are possibly lost in loss record 169 of 355
==2754==    at 0x4C2DB8F: malloc (in /usr/lib/valgrind/vgpreload_memcheck-amd64-linux.so)
==2754==    by 0x5FD39E4: ??? (in /usr/lib/x86_64-linux-gnu/libasound.so.2.0.0)
==2754==    by 0x5FD3C96: ??? (in /usr/lib/x86_64-linux-gnu/libasound.so.2.0.0)
==2754==    by 0x5FD3F5C: ??? (in /usr/lib/x86_64-linux-gnu/libasound.so.2.0.0)
==2754==    by 0x5FD4109: ??? (in /usr/lib/x86_64-linux-gnu/libasound.so.2.0.0)
==2754==    by 0x5FD5FF3: ??? (in /usr/lib/x86_64-linux-gnu/libasound.so.2.0.0)
==2754==    by 0x5FD6224: ??? (in /usr/lib/x86_64-linux-gnu/libasound.so.2.0.0)
==2754==    by 0x5FD6224: ??? (in /usr/lib/x86_64-linux-gnu/libasound.so.2.0.0)
==2754==    by 0x5FD65F2: ??? (in /usr/lib/x86_64-linux-gnu/libasound.so.2.0.0)
==2754==    by 0x5FD683C: ??? (in /usr/lib/x86_64-linux-gnu/libasound.so.2.0.0)
==2754==    by 0x5FD8565: snd_config_hook_load (in /usr/lib/x86_64-linux-gnu/libasound.so.2.0.0)
==2754==    by 0xF411B75: ???
==2754== 
==2754== 56 bytes in 28 blocks are possibly lost in loss record 171 of 355
==2754==    at 0x4C2DB8F: malloc (in /usr/lib/valgrind/vgpreload_memcheck-amd64-linux.so)
==2754==    by 0x68588D9: strdup (strdup.c:42)
==2754==    by 0x5FD6370: ??? (in /usr/lib/x86_64-linux-gnu/libasound.so.2.0.0)
==2754==    by 0x5FD5F61: ??? (in /usr/lib/x86_64-linux-gnu/libasound.so.2.0.0)
==2754==    by 0x5FD6224: ??? (in /usr/lib/x86_64-linux-gnu/libasound.so.2.0.0)
==2754==    by 0x5FD65F2: ??? (in /usr/lib/x86_64-linux-gnu/libasound.so.2.0.0)
==2754==    by 0x5FD97EA: snd_config_update_r (in /usr/lib/x86_64-linux-gnu/libasound.so.2.0.0)
==2754==    by 0x5FD9D14: snd_config_update (in /usr/lib/x86_64-linux-gnu/libasound.so.2.0.0)
==2754==    by 0x6044A04: snd_seq_open (in /usr/lib/x86_64-linux-gnu/libasound.so.2.0.0)
==2754==    by 0x405867: setupSequencer (main.c:128)
==2754==    by 0x405F4F: setup (main.c:227)
==2754==    by 0x406763: main (main.c:308)
==2754== 
==2754== 63 bytes in 2 blocks are possibly lost in loss record 173 of 355
==2754==    at 0x4C2DB8F: malloc (in /usr/lib/valgrind/vgpreload_memcheck-amd64-linux.so)
==2754==    by 0x5FD39E4: ??? (in /usr/lib/x86_64-linux-gnu/libasound.so.2.0.0)
==2754==    by 0x5FD3C96: ??? (in /usr/lib/x86_64-linux-gnu/libasound.so.2.0.0)
==2754==    by 0x5FD3F5C: ??? (in /usr/lib/x86_64-linux-gnu/libasound.so.2.0.0)
==2754==    by 0x5FD4109: ??? (in /usr/lib/x86_64-linux-gnu/libasound.so.2.0.0)
==2754==    by 0x5FD5FF3: ??? (in /usr/lib/x86_64-linux-gnu/libasound.so.2.0.0)
==2754==    by 0x5FD6224: ??? (in /usr/lib/x86_64-linux-gnu/libasound.so.2.0.0)
==2754==    by 0x5FD65F2: ??? (in /usr/lib/x86_64-linux-gnu/libasound.so.2.0.0)
==2754==    by 0x5FD683C: ??? (in /usr/lib/x86_64-linux-gnu/libasound.so.2.0.0)
==2754==    by 0x5FD869A: snd_config_hook_load (in /usr/lib/x86_64-linux-gnu/libasound.so.2.0.0)
==2754==    by 0x5FD91B8: ??? (in /usr/lib/x86_64-linux-gnu/libasound.so.2.0.0)
==2754==    by 0x5FD9874: snd_config_update_r (in /usr/lib/x86_64-linux-gnu/libasound.so.2.0.0)
==2754== 
==2754== 72 bytes in 1 blocks are possibly lost in loss record 179 of 355
==2754==    at 0x4C2FB55: calloc (in /usr/lib/valgrind/vgpreload_memcheck-amd64-linux.so)
==2754==    by 0x5FD3898: ??? (in /usr/lib/x86_64-linux-gnu/libasound.so.2.0.0)
==2754==    by 0x5FD395C: ??? (in /usr/lib/x86_64-linux-gnu/libasound.so.2.0.0)
==2754==    by 0x5FD61C8: ??? (in /usr/lib/x86_64-linux-gnu/libasound.so.2.0.0)
==2754==    by 0x5FD6224: ??? (in /usr/lib/x86_64-linux-gnu/libasound.so.2.0.0)
==2754==    by 0x5FD65F2: ??? (in /usr/lib/x86_64-linux-gnu/libasound.so.2.0.0)
==2754==    by 0x5FD683C: ??? (in /usr/lib/x86_64-linux-gnu/libasound.so.2.0.0)
==2754==    by 0x5FD869A: snd_config_hook_load (in /usr/lib/x86_64-linux-gnu/libasound.so.2.0.0)
==2754==    by 0x5FD91B8: ??? (in /usr/lib/x86_64-linux-gnu/libasound.so.2.0.0)
==2754==    by 0x5FD9874: snd_config_update_r (in /usr/lib/x86_64-linux-gnu/libasound.so.2.0.0)
==2754==    by 0x5FD9D14: snd_config_update (in /usr/lib/x86_64-linux-gnu/libasound.so.2.0.0)
==2754==    by 0x6044A04: snd_seq_open (in /usr/lib/x86_64-linux-gnu/libasound.so.2.0.0)
==2754== 
==2754== 72 bytes in 1 blocks are possibly lost in loss record 180 of 355
==2754==    at 0x4C2FB55: calloc (in /usr/lib/valgrind/vgpreload_memcheck-amd64-linux.so)
==2754==    by 0x5FD3898: ??? (in /usr/lib/x86_64-linux-gnu/libasound.so.2.0.0)
==2754==    by 0x5FD395C: ??? (in /usr/lib/x86_64-linux-gnu/libasound.so.2.0.0)
==2754==    by 0x5FD5EE3: ??? (in /usr/lib/x86_64-linux-gnu/libasound.so.2.0.0)
==2754==    by 0x5FD65F2: ??? (in /usr/lib/x86_64-linux-gnu/libasound.so.2.0.0)
==2754==    by 0x5FD683C: ??? (in /usr/lib/x86_64-linux-gnu/libasound.so.2.0.0)
==2754==    by 0x5FD869A: snd_config_hook_load (in /usr/lib/x86_64-linux-gnu/libasound.so.2.0.0)
==2754==    by 0x5FD91B8: ??? (in /usr/lib/x86_64-linux-gnu/libasound.so.2.0.0)
==2754==    by 0x5FD9874: snd_config_update_r (in /usr/lib/x86_64-linux-gnu/libasound.so.2.0.0)
==2754==    by 0x5FD9D14: snd_config_update (in /usr/lib/x86_64-linux-gnu/libasound.so.2.0.0)
==2754==    by 0x6044A04: snd_seq_open (in /usr/lib/x86_64-linux-gnu/libasound.so.2.0.0)
==2754==    by 0x405867: setupSequencer (main.c:128)
==2754== 
==2754== 72 bytes in 1 blocks are possibly lost in loss record 181 of 355
==2754==    at 0x4C2FB55: calloc (in /usr/lib/valgrind/vgpreload_memcheck-amd64-linux.so)
==2754==    by 0x5FD3898: ??? (in /usr/lib/x86_64-linux-gnu/libasound.so.2.0.0)
==2754==    by 0x5FD395C: ??? (in /usr/lib/x86_64-linux-gnu/libasound.so.2.0.0)
==2754==    by 0x5FD61C8: ??? (in /usr/lib/x86_64-linux-gnu/libasound.so.2.0.0)
==2754==    by 0x5FD6224: ??? (in /usr/lib/x86_64-linux-gnu/libasound.so.2.0.0)
==2754==    by 0x5FD65F2: ??? (in /usr/lib/x86_64-linux-gnu/libasound.so.2.0.0)
==2754==    by 0x5FD683C: ??? (in /usr/lib/x86_64-linux-gnu/libasound.so.2.0.0)
==2754==    by 0x5FD8565: snd_config_hook_load (in /usr/lib/x86_64-linux-gnu/libasound.so.2.0.0)
==2754==    by 0xF411B75: ???
==2754==    by 0x5FD91B8: ??? (in /usr/lib/x86_64-linux-gnu/libasound.so.2.0.0)
==2754==    by 0x5FD9E05: snd_config_searcha_hooks (in /usr/lib/x86_64-linux-gnu/libasound.so.2.0.0)
==2754==    by 0x5FD9F00: snd_config_searchva_hooks (in /usr/lib/x86_64-linux-gnu/libasound.so.2.0.0)
==2754== 
==2754== 96 bytes in 1 blocks are possibly lost in loss record 269 of 355
==2754==    at 0x4C2FB55: calloc (in /usr/lib/valgrind/vgpreload_memcheck-amd64-linux.so)
==2754==    by 0x4E89780: g_malloc0 (in /lib/x86_64-linux-gnu/libglib-2.0.so.0.4800.1)
==2754==    by 0x5D81A59: ??? (in /usr/lib/x86_64-linux-gnu/libgobject-2.0.so.0.4800.1)
==2754==    by 0x5D81B43: ??? (in /usr/lib/x86_64-linux-gnu/libgobject-2.0.so.0.4800.1)
==2754==    by 0x5D600AA: ??? (in /usr/lib/x86_64-linux-gnu/libgobject-2.0.so.0.4800.1)
==2754==    by 0x40104E9: call_init.part.0 (dl-init.c:72)
==2754==    by 0x40105FA: call_init (dl-init.c:30)
==2754==    by 0x40105FA: _dl_init (dl-init.c:120)
==2754==    by 0x4000CF9: ??? (in /lib/x86_64-linux-gnu/ld-2.23.so)
==2754==    by 0x2: ???
==2754==    by 0xFFF0000F6: ???
==2754==    by 0xFFF000109: ???
==2754==    by 0xFFF000110: ???
==2754== 
==2754== 96 bytes in 1 blocks are possibly lost in loss record 270 of 355
==2754==    at 0x4C2FB55: calloc (in /usr/lib/valgrind/vgpreload_memcheck-amd64-linux.so)
==2754==    by 0x4E89780: g_malloc0 (in /lib/x86_64-linux-gnu/libglib-2.0.so.0.4800.1)
==2754==    by 0x5D81A59: ??? (in /usr/lib/x86_64-linux-gnu/libgobject-2.0.so.0.4800.1)
==2754==    by 0x5D81B43: ??? (in /usr/lib/x86_64-linux-gnu/libgobject-2.0.so.0.4800.1)
==2754==    by 0x5D86F82: g_type_register_fundamental (in /usr/lib/x86_64-linux-gnu/libgobject-2.0.so.0.4800.1)
==2754==    by 0x5D6630B: ??? (in /usr/lib/x86_64-linux-gnu/libgobject-2.0.so.0.4800.1)
==2754==    by 0x5D60177: ??? (in /usr/lib/x86_64-linux-gnu/libgobject-2.0.so.0.4800.1)
==2754==    by 0x40104E9: call_init.part.0 (dl-init.c:72)
==2754==    by 0x40105FA: call_init (dl-init.c:30)
==2754==    by 0x40105FA: _dl_init (dl-init.c:120)
==2754==    by 0x4000CF9: ??? (in /lib/x86_64-linux-gnu/ld-2.23.so)
==2754==    by 0x2: ???
==2754==    by 0xFFF0000F6: ???
==2754== 
==2754== 96 bytes in 1 blocks are possibly lost in loss record 271 of 355
==2754==    at 0x4C2FB55: calloc (in /usr/lib/valgrind/vgpreload_memcheck-amd64-linux.so)
==2754==    by 0x4E89780: g_malloc0 (in /lib/x86_64-linux-gnu/libglib-2.0.so.0.4800.1)
==2754==    by 0x5D81A59: ??? (in /usr/lib/x86_64-linux-gnu/libgobject-2.0.so.0.4800.1)
==2754==    by 0x5D81B43: ??? (in /usr/lib/x86_64-linux-gnu/libgobject-2.0.so.0.4800.1)
==2754==    by 0x5D86F82: g_type_register_fundamental (in /usr/lib/x86_64-linux-gnu/libgobject-2.0.so.0.4800.1)
==2754==    by 0x5D66371: ??? (in /usr/lib/x86_64-linux-gnu/libgobject-2.0.so.0.4800.1)
==2754==    by 0x5D60177: ??? (in /usr/lib/x86_64-linux-gnu/libgobject-2.0.so.0.4800.1)
==2754==    by 0x40104E9: call_init.part.0 (dl-init.c:72)
==2754==    by 0x40105FA: call_init (dl-init.c:30)
==2754==    by 0x40105FA: _dl_init (dl-init.c:120)
==2754==    by 0x4000CF9: ??? (in /lib/x86_64-linux-gnu/ld-2.23.so)
==2754==    by 0x2: ???
==2754==    by 0xFFF0000F6: ???
==2754== 
==2754== 96 bytes in 1 blocks are possibly lost in loss record 272 of 355
==2754==    at 0x4C2FB55: calloc (in /usr/lib/valgrind/vgpreload_memcheck-amd64-linux.so)
==2754==    by 0x4E89780: g_malloc0 (in /lib/x86_64-linux-gnu/libglib-2.0.so.0.4800.1)
==2754==    by 0x5D81A59: ??? (in /usr/lib/x86_64-linux-gnu/libgobject-2.0.so.0.4800.1)
==2754==    by 0x5D81B43: ??? (in /usr/lib/x86_64-linux-gnu/libgobject-2.0.so.0.4800.1)
==2754==    by 0x5D86F82: g_type_register_fundamental (in /usr/lib/x86_64-linux-gnu/libgobject-2.0.so.0.4800.1)
==2754==    by 0x5D6FB04: ??? (in /usr/lib/x86_64-linux-gnu/libgobject-2.0.so.0.4800.1)
==2754==    by 0x5D60181: ??? (in /usr/lib/x86_64-linux-gnu/libgobject-2.0.so.0.4800.1)
==2754==    by 0x40104E9: call_init.part.0 (dl-init.c:72)
==2754==    by 0x40105FA: call_init (dl-init.c:30)
==2754==    by 0x40105FA: _dl_init (dl-init.c:120)
==2754==    by 0x4000CF9: ??? (in /lib/x86_64-linux-gnu/ld-2.23.so)
==2754==    by 0x2: ???
==2754==    by 0xFFF0000F6: ???
==2754== 
==2754== 96 bytes in 1 blocks are possibly lost in loss record 273 of 355
==2754==    at 0x4C2FB55: calloc (in /usr/lib/valgrind/vgpreload_memcheck-amd64-linux.so)
==2754==    by 0x4E89780: g_malloc0 (in /lib/x86_64-linux-gnu/libglib-2.0.so.0.4800.1)
==2754==    by 0x5D81A59: ??? (in /usr/lib/x86_64-linux-gnu/libgobject-2.0.so.0.4800.1)
==2754==    by 0x5D81B43: ??? (in /usr/lib/x86_64-linux-gnu/libgobject-2.0.so.0.4800.1)
==2754==    by 0x5D86F82: g_type_register_fundamental (in /usr/lib/x86_64-linux-gnu/libgobject-2.0.so.0.4800.1)
==2754==    by 0x5D6AC1B: ??? (in /usr/lib/x86_64-linux-gnu/libgobject-2.0.so.0.4800.1)
==2754==    by 0x5D60186: ??? (in /usr/lib/x86_64-linux-gnu/libgobject-2.0.so.0.4800.1)
==2754==    by 0x40104E9: call_init.part.0 (dl-init.c:72)
==2754==    by 0x40105FA: call_init (dl-init.c:30)
==2754==    by 0x40105FA: _dl_init (dl-init.c:120)
==2754==    by 0x4000CF9: ??? (in /lib/x86_64-linux-gnu/ld-2.23.so)
==2754==    by 0x2: ???
==2754==    by 0xFFF0000F6: ???
==2754== 
==2754== 99 bytes in 18 blocks are possibly lost in loss record 274 of 355
==2754==    at 0x4C2DB8F: malloc (in /usr/lib/valgrind/vgpreload_memcheck-amd64-linux.so)
==2754==    by 0x5FD39E4: ??? (in /usr/lib/x86_64-linux-gnu/libasound.so.2.0.0)
==2754==    by 0x5FD401D: ??? (in /usr/lib/x86_64-linux-gnu/libasound.so.2.0.0)
==2754==    by 0x5FD5DDE: ??? (in /usr/lib/x86_64-linux-gnu/libasound.so.2.0.0)
==2754==    by 0x5FD6224: ??? (in /usr/lib/x86_64-linux-gnu/libasound.so.2.0.0)
==2754==    by 0x5FD6224: ??? (in /usr/lib/x86_64-linux-gnu/libasound.so.2.0.0)
==2754==    by 0x5FD6224: ??? (in /usr/lib/x86_64-linux-gnu/libasound.so.2.0.0)
==2754==    by 0x5FD6224: ??? (in /usr/lib/x86_64-linux-gnu/libasound.so.2.0.0)
==2754==    by 0x5FD65F2: ??? (in /usr/lib/x86_64-linux-gnu/libasound.so.2.0.0)
==2754==    by 0x5FD97EA: snd_config_update_r (in /usr/lib/x86_64-linux-gnu/libasound.so.2.0.0)
==2754==    by 0x5FD9D14: snd_config_update (in /usr/lib/x86_64-linux-gnu/libasound.so.2.0.0)
==2754==    by 0x6044A04: snd_seq_open (in /usr/lib/x86_64-linux-gnu/libasound.so.2.0.0)
==2754== 
==2754== 116 bytes in 8 blocks are possibly lost in loss record 275 of 355
==2754==    at 0x4C2DB8F: malloc (in /usr/lib/valgrind/vgpreload_memcheck-amd64-linux.so)
==2754==    by 0x5FD39E4: ??? (in /usr/lib/x86_64-linux-gnu/libasound.so.2.0.0)
==2754==    by 0x5FD401D: ??? (in /usr/lib/x86_64-linux-gnu/libasound.so.2.0.0)
==2754==    by 0x5FD4109: ??? (in /usr/lib/x86_64-linux-gnu/libasound.so.2.0.0)
==2754==    by 0x5FD63CF: ??? (in /usr/lib/x86_64-linux-gnu/libasound.so.2.0.0)
==2754==    by 0x5FD5F61: ??? (in /usr/lib/x86_64-linux-gnu/libasound.so.2.0.0)
==2754==    by 0x5FD6224: ??? (in /usr/lib/x86_64-linux-gnu/libasound.so.2.0.0)
==2754==    by 0x5FD6224: ??? (in /usr/lib/x86_64-linux-gnu/libasound.so.2.0.0)
==2754==    by 0x5FD65F2: ??? (in /usr/lib/x86_64-linux-gnu/libasound.so.2.0.0)
==2754==    by 0x5FD97EA: snd_config_update_r (in /usr/lib/x86_64-linux-gnu/libasound.so.2.0.0)
==2754==    by 0x5FD9D14: snd_config_update (in /usr/lib/x86_64-linux-gnu/libasound.so.2.0.0)
==2754==    by 0x6044A04: snd_seq_open (in /usr/lib/x86_64-linux-gnu/libasound.so.2.0.0)
==2754== 
==2754== 132 bytes in 1 blocks are possibly lost in loss record 277 of 355
==2754==    at 0x4C2FB55: calloc (in /usr/lib/valgrind/vgpreload_memcheck-amd64-linux.so)
==2754==    by 0x4E89780: g_malloc0 (in /lib/x86_64-linux-gnu/libglib-2.0.so.0.4800.1)
==2754==    by 0x5D82DFF: ??? (in /usr/lib/x86_64-linux-gnu/libgobject-2.0.so.0.4800.1)
==2754==    by 0x5D86FE0: g_type_register_fundamental (in /usr/lib/x86_64-linux-gnu/libgobject-2.0.so.0.4800.1)
==2754==    by 0x5D6630B: ??? (in /usr/lib/x86_64-linux-gnu/libgobject-2.0.so.0.4800.1)
==2754==    by 0x5D60177: ??? (in /usr/lib/x86_64-linux-gnu/libgobject-2.0.so.0.4800.1)
==2754==    by 0x40104E9: call_init.part.0 (dl-init.c:72)
==2754==    by 0x40105FA: call_init (dl-init.c:30)
==2754==    by 0x40105FA: _dl_init (dl-init.c:120)
==2754==    by 0x4000CF9: ??? (in /lib/x86_64-linux-gnu/ld-2.23.so)
==2754==    by 0x2: ???
==2754==    by 0xFFF0000F6: ???
==2754==    by 0xFFF000109: ???
==2754== 
==2754== 132 bytes in 1 blocks are possibly lost in loss record 278 of 355
==2754==    at 0x4C2FB55: calloc (in /usr/lib/valgrind/vgpreload_memcheck-amd64-linux.so)
==2754==    by 0x4E89780: g_malloc0 (in /lib/x86_64-linux-gnu/libglib-2.0.so.0.4800.1)
==2754==    by 0x5D82DFF: ??? (in /usr/lib/x86_64-linux-gnu/libgobject-2.0.so.0.4800.1)
==2754==    by 0x5D86FE0: g_type_register_fundamental (in /usr/lib/x86_64-linux-gnu/libgobject-2.0.so.0.4800.1)
==2754==    by 0x5D66371: ??? (in /usr/lib/x86_64-linux-gnu/libgobject-2.0.so.0.4800.1)
==2754==    by 0x5D60177: ??? (in /usr/lib/x86_64-linux-gnu/libgobject-2.0.so.0.4800.1)
==2754==    by 0x40104E9: call_init.part.0 (dl-init.c:72)
==2754==    by 0x40105FA: call_init (dl-init.c:30)
==2754==    by 0x40105FA: _dl_init (dl-init.c:120)
==2754==    by 0x4000CF9: ??? (in /lib/x86_64-linux-gnu/ld-2.23.so)
==2754==    by 0x2: ???
==2754==    by 0xFFF0000F6: ???
==2754==    by 0xFFF000109: ???
==2754== 
==2754== 144 bytes in 2 blocks are possibly lost in loss record 279 of 355
==2754==    at 0x4C2FB55: calloc (in /usr/lib/valgrind/vgpreload_memcheck-amd64-linux.so)
==2754==    by 0x5FD3898: ??? (in /usr/lib/x86_64-linux-gnu/libasound.so.2.0.0)
==2754==    by 0x5FD395C: ??? (in /usr/lib/x86_64-linux-gnu/libasound.so.2.0.0)
==2754==    by 0x5FD64AB: ??? (in /usr/lib/x86_64-linux-gnu/libasound.so.2.0.0)
==2754==    by 0x5FD5F61: ??? (in /usr/lib/x86_64-linux-gnu/libasound.so.2.0.0)
==2754==    by 0x5FD65F2: ??? (in /usr/lib/x86_64-linux-gnu/libasound.so.2.0.0)
==2754==    by 0x5FD97EA: snd_config_update_r (in /usr/lib/x86_64-linux-gnu/libasound.so.2.0.0)
==2754==    by 0x5FD9D14: snd_config_update (in /usr/lib/x86_64-linux-gnu/libasound.so.2.0.0)
==2754==    by 0x6044A04: snd_seq_open (in /usr/lib/x86_64-linux-gnu/libasound.so.2.0.0)
==2754==    by 0x405867: setupSequencer (main.c:128)
==2754==    by 0x405F4F: setup (main.c:227)
==2754==    by 0x406763: main (main.c:308)
==2754== 
==2754== 144 bytes in 2 blocks are possibly lost in loss record 280 of 355
==2754==    at 0x4C2FB55: calloc (in /usr/lib/valgrind/vgpreload_memcheck-amd64-linux.so)
==2754==    by 0x5FD3898: ??? (in /usr/lib/x86_64-linux-gnu/libasound.so.2.0.0)
==2754==    by 0x5FD395C: ??? (in /usr/lib/x86_64-linux-gnu/libasound.so.2.0.0)
==2754==    by 0x5FD61C8: ??? (in /usr/lib/x86_64-linux-gnu/libasound.so.2.0.0)
==2754==    by 0x5FD6524: ??? (in /usr/lib/x86_64-linux-gnu/libasound.so.2.0.0)
==2754==    by 0x5FD5F61: ??? (in /usr/lib/x86_64-linux-gnu/libasound.so.2.0.0)
==2754==    by 0x5FD65F2: ??? (in /usr/lib/x86_64-linux-gnu/libasound.so.2.0.0)
==2754==    by 0x5FD97EA: snd_config_update_r (in /usr/lib/x86_64-linux-gnu/libasound.so.2.0.0)
==2754==    by 0x5FD9D14: snd_config_update (in /usr/lib/x86_64-linux-gnu/libasound.so.2.0.0)
==2754==    by 0x6044A04: snd_seq_open (in /usr/lib/x86_64-linux-gnu/libasound.so.2.0.0)
==2754==    by 0x405867: setupSequencer (main.c:128)
==2754==    by 0x405F4F: setup (main.c:227)
==2754== 
==2754== 144 bytes in 2 blocks are possibly lost in loss record 281 of 355
==2754==    at 0x4C2FB55: calloc (in /usr/lib/valgrind/vgpreload_memcheck-amd64-linux.so)
==2754==    by 0x5FD3898: ??? (in /usr/lib/x86_64-linux-gnu/libasound.so.2.0.0)
==2754==    by 0x5FD395C: ??? (in /usr/lib/x86_64-linux-gnu/libasound.so.2.0.0)
==2754==    by 0x5FD64AB: ??? (in /usr/lib/x86_64-linux-gnu/libasound.so.2.0.0)
==2754==    by 0x5FD5F61: ??? (in /usr/lib/x86_64-linux-gnu/libasound.so.2.0.0)
==2754==    by 0x5FD6524: ??? (in /usr/lib/x86_64-linux-gnu/libasound.so.2.0.0)
==2754==    by 0x5FD5F61: ??? (in /usr/lib/x86_64-linux-gnu/libasound.so.2.0.0)
==2754==    by 0x5FD65F2: ??? (in /usr/lib/x86_64-linux-gnu/libasound.so.2.0.0)
==2754==    by 0x5FD97EA: snd_config_update_r (in /usr/lib/x86_64-linux-gnu/libasound.so.2.0.0)
==2754==    by 0x5FD9D14: snd_config_update (in /usr/lib/x86_64-linux-gnu/libasound.so.2.0.0)
==2754==    by 0x6044A04: snd_seq_open (in /usr/lib/x86_64-linux-gnu/libasound.so.2.0.0)
==2754==    by 0x405867: setupSequencer (main.c:128)
==2754== 
==2754== 144 bytes in 2 blocks are possibly lost in loss record 282 of 355
==2754==    at 0x4C2FB55: calloc (in /usr/lib/valgrind/vgpreload_memcheck-amd64-linux.so)
==2754==    by 0x5FD3898: ??? (in /usr/lib/x86_64-linux-gnu/libasound.so.2.0.0)
==2754==    by 0x5FD395C: ??? (in /usr/lib/x86_64-linux-gnu/libasound.so.2.0.0)
==2754==    by 0x5FD426C: ??? (in /usr/lib/x86_64-linux-gnu/libasound.so.2.0.0)
==2754==    by 0x5FD5FF3: ??? (in /usr/lib/x86_64-linux-gnu/libasound.so.2.0.0)
==2754==    by 0x5FD6524: ??? (in /usr/lib/x86_64-linux-gnu/libasound.so.2.0.0)
==2754==    by 0x5FD5F61: ??? (in /usr/lib/x86_64-linux-gnu/libasound.so.2.0.0)
==2754==    by 0x5FD6524: ??? (in /usr/lib/x86_64-linux-gnu/libasound.so.2.0.0)
==2754==    by 0x5FD5F61: ??? (in /usr/lib/x86_64-linux-gnu/libasound.so.2.0.0)
==2754==    by 0x5FD65F2: ??? (in /usr/lib/x86_64-linux-gnu/libasound.so.2.0.0)
==2754==    by 0x5FD97EA: snd_config_update_r (in /usr/lib/x86_64-linux-gnu/libasound.so.2.0.0)
==2754==    by 0x5FD9D14: snd_config_update (in /usr/lib/x86_64-linux-gnu/libasound.so.2.0.0)
==2754== 
==2754== 144 bytes in 2 blocks are possibly lost in loss record 283 of 355
==2754==    at 0x4C2FB55: calloc (in /usr/lib/valgrind/vgpreload_memcheck-amd64-linux.so)
==2754==    by 0x5FD3898: ??? (in /usr/lib/x86_64-linux-gnu/libasound.so.2.0.0)
==2754==    by 0x5FD395C: ??? (in /usr/lib/x86_64-linux-gnu/libasound.so.2.0.0)
==2754==    by 0x5FD61C8: ??? (in /usr/lib/x86_64-linux-gnu/libasound.so.2.0.0)
==2754==    by 0x5FD6524: ??? (in /usr/lib/x86_64-linux-gnu/libasound.so.2.0.0)
==2754==    by 0x5FD5F61: ??? (in /usr/lib/x86_64-linux-gnu/libasound.so.2.0.0)
==2754==    by 0x5FD6524: ??? (in /usr/lib/x86_64-linux-gnu/libasound.so.2.0.0)
==2754==    by 0x5FD5F61: ??? (in /usr/lib/x86_64-linux-gnu/libasound.so.2.0.0)
==2754==    by 0x5FD65F2: ??? (in /usr/lib/x86_64-linux-gnu/libasound.so.2.0.0)
==2754==    by 0x5FD97EA: snd_config_update_r (in /usr/lib/x86_64-linux-gnu/libasound.so.2.0.0)
==2754==    by 0x5FD9D14: snd_config_update (in /usr/lib/x86_64-linux-gnu/libasound.so.2.0.0)
==2754==    by 0x6044A04: snd_seq_open (in /usr/lib/x86_64-linux-gnu/libasound.so.2.0.0)
==2754== 
==2754== 144 bytes in 2 blocks are possibly lost in loss record 284 of 355
==2754==    at 0x4C2FB55: calloc (in /usr/lib/valgrind/vgpreload_memcheck-amd64-linux.so)
==2754==    by 0x5FD3898: ??? (in /usr/lib/x86_64-linux-gnu/libasound.so.2.0.0)
==2754==    by 0x5FD395C: ??? (in /usr/lib/x86_64-linux-gnu/libasound.so.2.0.0)
==2754==    by 0x5FD4238: ??? (in /usr/lib/x86_64-linux-gnu/libasound.so.2.0.0)
==2754==    by 0x5FD5FF3: ??? (in /usr/lib/x86_64-linux-gnu/libasound.so.2.0.0)
==2754==    by 0x5FD6224: ??? (in /usr/lib/x86_64-linux-gnu/libasound.so.2.0.0)
==2754==    by 0x5FD6224: ??? (in /usr/lib/x86_64-linux-gnu/libasound.so.2.0.0)
==2754==    by 0x5FD65F2: ??? (in /usr/lib/x86_64-linux-gnu/libasound.so.2.0.0)
==2754==    by 0x5FD97EA: snd_config_update_r (in /usr/lib/x86_64-linux-gnu/libasound.so.2.0.0)
==2754==    by 0x5FD9D14: snd_config_update (in /usr/lib/x86_64-linux-gnu/libasound.so.2.0.0)
==2754==    by 0x6044A04: snd_seq_open (in /usr/lib/x86_64-linux-gnu/libasound.so.2.0.0)
==2754==    by 0x405867: setupSequencer (main.c:128)
==2754== 
==2754== 144 bytes in 2 blocks are possibly lost in loss record 285 of 355
==2754==    at 0x4C2FB55: calloc (in /usr/lib/valgrind/vgpreload_memcheck-amd64-linux.so)
==2754==    by 0x5FD3898: ??? (in /usr/lib/x86_64-linux-gnu/libasound.so.2.0.0)
==2754==    by 0x5FD395C: ??? (in /usr/lib/x86_64-linux-gnu/libasound.so.2.0.0)
==2754==    by 0x5FD426C: ??? (in /usr/lib/x86_64-linux-gnu/libasound.so.2.0.0)
==2754==    by 0x5FD5FF3: ??? (in /usr/lib/x86_64-linux-gnu/libasound.so.2.0.0)
==2754==    by 0x5FD6224: ??? (in /usr/lib/x86_64-linux-gnu/libasound.so.2.0.0)
==2754==    by 0x5FD6224: ??? (in /usr/lib/x86_64-linux-gnu/libasound.so.2.0.0)
==2754==    by 0x5FD65F2: ??? (in /usr/lib/x86_64-linux-gnu/libasound.so.2.0.0)
==2754==    by 0x5FD683C: ??? (in /usr/lib/x86_64-linux-gnu/libasound.so.2.0.0)
==2754==    by 0x5FD869A: snd_config_hook_load (in /usr/lib/x86_64-linux-gnu/libasound.so.2.0.0)
==2754==    by 0x5FD91B8: ??? (in /usr/lib/x86_64-linux-gnu/libasound.so.2.0.0)
==2754==    by 0x5FD9874: snd_config_update_r (in /usr/lib/x86_64-linux-gnu/libasound.so.2.0.0)
==2754== 
==2754== 144 bytes in 2 blocks are possibly lost in loss record 286 of 355
==2754==    at 0x4C2FB55: calloc (in /usr/lib/valgrind/vgpreload_memcheck-amd64-linux.so)
==2754==    by 0x5FD3898: ??? (in /usr/lib/x86_64-linux-gnu/libasound.so.2.0.0)
==2754==    by 0x5FD395C: ??? (in /usr/lib/x86_64-linux-gnu/libasound.so.2.0.0)
==2754==    by 0x5FD61C8: ??? (in /usr/lib/x86_64-linux-gnu/libasound.so.2.0.0)
==2754==    by 0x5FD65F2: ??? (in /usr/lib/x86_64-linux-gnu/libasound.so.2.0.0)
==2754==    by 0x5FD683C: ??? (in /usr/lib/x86_64-linux-gnu/libasound.so.2.0.0)
==2754==    by 0x5FD8565: snd_config_hook_load (in /usr/lib/x86_64-linux-gnu/libasound.so.2.0.0)
==2754==    by 0xF411B75: ???
==2754==    by 0x5FD91B8: ??? (in /usr/lib/x86_64-linux-gnu/libasound.so.2.0.0)
==2754==    by 0x5FD9E05: snd_config_searcha_hooks (in /usr/lib/x86_64-linux-gnu/libasound.so.2.0.0)
==2754==    by 0x5FD9F00: snd_config_searchva_hooks (in /usr/lib/x86_64-linux-gnu/libasound.so.2.0.0)
==2754==    by 0x5FDA015: ??? (in /usr/lib/x86_64-linux-gnu/libasound.so.2.0.0)
==2754== 
==2754== 144 bytes in 2 blocks are possibly lost in loss record 287 of 355
==2754==    at 0x4C2FB55: calloc (in /usr/lib/valgrind/vgpreload_memcheck-amd64-linux.so)
==2754==    by 0x5FD3898: ??? (in /usr/lib/x86_64-linux-gnu/libasound.so.2.0.0)
==2754==    by 0x5FD395C: ??? (in /usr/lib/x86_64-linux-gnu/libasound.so.2.0.0)
==2754==    by 0x5FD426C: ??? (in /usr/lib/x86_64-linux-gnu/libasound.so.2.0.0)
==2754==    by 0x5FD5FF3: ??? (in /usr/lib/x86_64-linux-gnu/libasound.so.2.0.0)
==2754==    by 0x5FD6224: ??? (in /usr/lib/x86_64-linux-gnu/libasound.so.2.0.0)
==2754==    by 0x5FD65F2: ??? (in /usr/lib/x86_64-linux-gnu/libasound.so.2.0.0)
==2754==    by 0x5FD683C: ??? (in /usr/lib/x86_64-linux-gnu/libasound.so.2.0.0)
==2754==    by 0x5FD8565: snd_config_hook_load (in /usr/lib/x86_64-linux-gnu/libasound.so.2.0.0)
==2754==    by 0xF411B75: ???
==2754==    by 0x5FD91B8: ??? (in /usr/lib/x86_64-linux-gnu/libasound.so.2.0.0)
==2754==    by 0x5FD9E05: snd_config_searcha_hooks (in /usr/lib/x86_64-linux-gnu/libasound.so.2.0.0)
==2754== 
==2754== 144 bytes in 2 blocks are possibly lost in loss record 288 of 355
==2754==    at 0x4C2FB55: calloc (in /usr/lib/valgrind/vgpreload_memcheck-amd64-linux.so)
==2754==    by 0x5FD3898: ??? (in /usr/lib/x86_64-linux-gnu/libasound.so.2.0.0)
==2754==    by 0x5FD395C: ??? (in /usr/lib/x86_64-linux-gnu/libasound.so.2.0.0)
==2754==    by 0x5FD426C: ??? (in /usr/lib/x86_64-linux-gnu/libasound.so.2.0.0)
==2754==    by 0x5FD5FF3: ??? (in /usr/lib/x86_64-linux-gnu/libasound.so.2.0.0)
==2754==    by 0x5FD6224: ??? (in /usr/lib/x86_64-linux-gnu/libasound.so.2.0.0)
==2754==    by 0x5FD6224: ??? (in /usr/lib/x86_64-linux-gnu/libasound.so.2.0.0)
==2754==    by 0x5FD65F2: ??? (in /usr/lib/x86_64-linux-gnu/libasound.so.2.0.0)
==2754==    by 0x5FD683C: ??? (in /usr/lib/x86_64-linux-gnu/libasound.so.2.0.0)
==2754==    by 0x5FD8565: snd_config_hook_load (in /usr/lib/x86_64-linux-gnu/libasound.so.2.0.0)
==2754==    by 0xF411B75: ???
==2754==    by 0x5FD91B8: ??? (in /usr/lib/x86_64-linux-gnu/libasound.so.2.0.0)
==2754== 
==2754== 148 bytes in 1 blocks are possibly lost in loss record 289 of 355
==2754==    at 0x4C2FB55: calloc (in /usr/lib/valgrind/vgpreload_memcheck-amd64-linux.so)
==2754==    by 0x4E89780: g_malloc0 (in /lib/x86_64-linux-gnu/libglib-2.0.so.0.4800.1)
==2754==    by 0x5D82BD6: ??? (in /usr/lib/x86_64-linux-gnu/libgobject-2.0.so.0.4800.1)
==2754==    by 0x5D86FE0: g_type_register_fundamental (in /usr/lib/x86_64-linux-gnu/libgobject-2.0.so.0.4800.1)
==2754==    by 0x5D6FB04: ??? (in /usr/lib/x86_64-linux-gnu/libgobject-2.0.so.0.4800.1)
==2754==    by 0x5D60181: ??? (in /usr/lib/x86_64-linux-gnu/libgobject-2.0.so.0.4800.1)
==2754==    by 0x40104E9: call_init.part.0 (dl-init.c:72)
==2754==    by 0x40105FA: call_init (dl-init.c:30)
==2754==    by 0x40105FA: _dl_init (dl-init.c:120)
==2754==    by 0x4000CF9: ??? (in /lib/x86_64-linux-gnu/ld-2.23.so)
==2754==    by 0x2: ???
==2754==    by 0xFFF0000F6: ???
==2754==    by 0xFFF000109: ???
==2754== 
==2754== 148 bytes in 1 blocks are possibly lost in loss record 290 of 355
==2754==    at 0x4C2FB55: calloc (in /usr/lib/valgrind/vgpreload_memcheck-amd64-linux.so)
==2754==    by 0x4E89780: g_malloc0 (in /lib/x86_64-linux-gnu/libglib-2.0.so.0.4800.1)
==2754==    by 0x5D82BD6: ??? (in /usr/lib/x86_64-linux-gnu/libgobject-2.0.so.0.4800.1)
==2754==    by 0x5D86FE0: g_type_register_fundamental (in /usr/lib/x86_64-linux-gnu/libgobject-2.0.so.0.4800.1)
==2754==    by 0x5D6AC1B: ??? (in /usr/lib/x86_64-linux-gnu/libgobject-2.0.so.0.4800.1)
==2754==    by 0x5D60186: ??? (in /usr/lib/x86_64-linux-gnu/libgobject-2.0.so.0.4800.1)
==2754==    by 0x40104E9: call_init.part.0 (dl-init.c:72)
==2754==    by 0x40105FA: call_init (dl-init.c:30)
==2754==    by 0x40105FA: _dl_init (dl-init.c:120)
==2754==    by 0x4000CF9: ??? (in /lib/x86_64-linux-gnu/ld-2.23.so)
==2754==    by 0x2: ???
==2754==    by 0xFFF0000F6: ???
==2754==    by 0xFFF000109: ???
==2754== 
==2754== 149 bytes in 6 blocks are possibly lost in loss record 291 of 355
==2754==    at 0x4C2DB8F: malloc (in /usr/lib/valgrind/vgpreload_memcheck-amd64-linux.so)
==2754==    by 0x5FD39E4: ??? (in /usr/lib/x86_64-linux-gnu/libasound.so.2.0.0)
==2754==    by 0x5FD3C96: ??? (in /usr/lib/x86_64-linux-gnu/libasound.so.2.0.0)
==2754==    by 0x5FD3F5C: ??? (in /usr/lib/x86_64-linux-gnu/libasound.so.2.0.0)
==2754==    by 0x5FD4109: ??? (in /usr/lib/x86_64-linux-gnu/libasound.so.2.0.0)
==2754==    by 0x5FD5FF3: ??? (in /usr/lib/x86_64-linux-gnu/libasound.so.2.0.0)
==2754==    by 0x5FD6224: ??? (in /usr/lib/x86_64-linux-gnu/libasound.so.2.0.0)
==2754==    by 0x5FD65F2: ??? (in /usr/lib/x86_64-linux-gnu/libasound.so.2.0.0)
==2754==    by 0x5FD97EA: snd_config_update_r (in /usr/lib/x86_64-linux-gnu/libasound.so.2.0.0)
==2754==    by 0x5FD9D14: snd_config_update (in /usr/lib/x86_64-linux-gnu/libasound.so.2.0.0)
==2754==    by 0x6044A04: snd_seq_open (in /usr/lib/x86_64-linux-gnu/libasound.so.2.0.0)
==2754==    by 0x405867: setupSequencer (main.c:128)
==2754== 
==2754== 155 bytes in 28 blocks are possibly lost in loss record 293 of 355
==2754==    at 0x4C2DB8F: malloc (in /usr/lib/valgrind/vgpreload_memcheck-amd64-linux.so)
==2754==    by 0x5FD39E4: ??? (in /usr/lib/x86_64-linux-gnu/libasound.so.2.0.0)
==2754==    by 0x5FD401D: ??? (in /usr/lib/x86_64-linux-gnu/libasound.so.2.0.0)
==2754==    by 0x5FD4109: ??? (in /usr/lib/x86_64-linux-gnu/libasound.so.2.0.0)
==2754==    by 0x5FD63CF: ??? (in /usr/lib/x86_64-linux-gnu/libasound.so.2.0.0)
==2754==    by 0x5FD5F61: ??? (in /usr/lib/x86_64-linux-gnu/libasound.so.2.0.0)
==2754==    by 0x5FD6224: ??? (in /usr/lib/x86_64-linux-gnu/libasound.so.2.0.0)
==2754==    by 0x5FD65F2: ??? (in /usr/lib/x86_64-linux-gnu/libasound.so.2.0.0)
==2754==    by 0x5FD97EA: snd_config_update_r (in /usr/lib/x86_64-linux-gnu/libasound.so.2.0.0)
==2754==    by 0x5FD9D14: snd_config_update (in /usr/lib/x86_64-linux-gnu/libasound.so.2.0.0)
==2754==    by 0x6044A04: snd_seq_open (in /usr/lib/x86_64-linux-gnu/libasound.so.2.0.0)
==2754==    by 0x405867: setupSequencer (main.c:128)
==2754== 
==2754== 184 bytes in 1 blocks are possibly lost in loss record 296 of 355
==2754==    at 0x4C2FD5F: realloc (in /usr/lib/valgrind/vgpreload_memcheck-amd64-linux.so)
==2754==    by 0x4E897E7: g_realloc (in /lib/x86_64-linux-gnu/libglib-2.0.so.0.4800.1)
==2754==    by 0x5D819D8: ??? (in /usr/lib/x86_64-linux-gnu/libgobject-2.0.so.0.4800.1)
==2754==    by 0x5D872CC: g_type_register_static (in /usr/lib/x86_64-linux-gnu/libgobject-2.0.so.0.4800.1)
==2754==    by 0x5D71799: g_param_type_register_static (in /usr/lib/x86_64-linux-gnu/libgobject-2.0.so.0.4800.1)
==2754==    by 0x5D73AFB: ??? (in /usr/lib/x86_64-linux-gnu/libgobject-2.0.so.0.4800.1)
==2754==    by 0x5D6018B: ??? (in /usr/lib/x86_64-linux-gnu/libgobject-2.0.so.0.4800.1)
==2754==    by 0x40104E9: call_init.part.0 (dl-init.c:72)
==2754==    by 0x40105FA: call_init (dl-init.c:30)
==2754==    by 0x40105FA: _dl_init (dl-init.c:120)
==2754==    by 0x4000CF9: ??? (in /lib/x86_64-linux-gnu/ld-2.23.so)
==2754==    by 0x2: ???
==2754==    by 0xFFF0000F6: ???
==2754== 
==2754== 196 bytes in 14 blocks are possibly lost in loss record 297 of 355
==2754==    at 0x4C2DB8F: malloc (in /usr/lib/valgrind/vgpreload_memcheck-amd64-linux.so)
==2754==    by 0x5FD39E4: ??? (in /usr/lib/x86_64-linux-gnu/libasound.so.2.0.0)
==2754==    by 0x5FD401D: ??? (in /usr/lib/x86_64-linux-gnu/libasound.so.2.0.0)
==2754==    by 0x5FD4109: ??? (in /usr/lib/x86_64-linux-gnu/libasound.so.2.0.0)
==2754==    by 0x5FD63CF: ??? (in /usr/lib/x86_64-linux-gnu/libasound.so.2.0.0)
==2754==    by 0x5FD5F61: ??? (in /usr/lib/x86_64-linux-gnu/libasound.so.2.0.0)
==2754==    by 0x5FD6224: ??? (in /usr/lib/x86_64-linux-gnu/libasound.so.2.0.0)
==2754==    by 0x5FD6224: ??? (in /usr/lib/x86_64-linux-gnu/libasound.so.2.0.0)
==2754==    by 0x5FD6224: ??? (in /usr/lib/x86_64-linux-gnu/libasound.so.2.0.0)
==2754==    by 0x5FD65F2: ??? (in /usr/lib/x86_64-linux-gnu/libasound.so.2.0.0)
==2754==    by 0x5FD97EA: snd_config_update_r (in /usr/lib/x86_64-linux-gnu/libasound.so.2.0.0)
==2754==    by 0x5FD9D14: snd_config_update (in /usr/lib/x86_64-linux-gnu/libasound.so.2.0.0)
==2754== 
==2754== 216 bytes in 3 blocks are possibly lost in loss record 298 of 355
==2754==    at 0x4C2FB55: calloc (in /usr/lib/valgrind/vgpreload_memcheck-amd64-linux.so)
==2754==    by 0x5FD3898: ??? (in /usr/lib/x86_64-linux-gnu/libasound.so.2.0.0)
==2754==    by 0x5FD395C: ??? (in /usr/lib/x86_64-linux-gnu/libasound.so.2.0.0)
==2754==    by 0x5FD426C: ??? (in /usr/lib/x86_64-linux-gnu/libasound.so.2.0.0)
==2754==    by 0x5FD5FF3: ??? (in /usr/lib/x86_64-linux-gnu/libasound.so.2.0.0)
==2754==    by 0x5FD6524: ??? (in /usr/lib/x86_64-linux-gnu/libasound.so.2.0.0)
==2754==    by 0x5FD5F61: ??? (in /usr/lib/x86_64-linux-gnu/libasound.so.2.0.0)
==2754==    by 0x5FD65F2: ??? (in /usr/lib/x86_64-linux-gnu/libasound.so.2.0.0)
==2754==    by 0x5FD97EA: snd_config_update_r (in /usr/lib/x86_64-linux-gnu/libasound.so.2.0.0)
==2754==    by 0x5FD9D14: snd_config_update (in /usr/lib/x86_64-linux-gnu/libasound.so.2.0.0)
==2754==    by 0x6044A04: snd_seq_open (in /usr/lib/x86_64-linux-gnu/libasound.so.2.0.0)
==2754==    by 0x405867: setupSequencer (main.c:128)
==2754== 
==2754== 216 bytes in 3 blocks are possibly lost in loss record 299 of 355
==2754==    at 0x4C2FB55: calloc (in /usr/lib/valgrind/vgpreload_memcheck-amd64-linux.so)
==2754==    by 0x5FD3898: ??? (in /usr/lib/x86_64-linux-gnu/libasound.so.2.0.0)
==2754==    by 0x5FD395C: ??? (in /usr/lib/x86_64-linux-gnu/libasound.so.2.0.0)
==2754==    by 0x5FD64AB: ??? (in /usr/lib/x86_64-linux-gnu/libasound.so.2.0.0)
==2754==    by 0x5FD5F61: ??? (in /usr/lib/x86_64-linux-gnu/libasound.so.2.0.0)
==2754==    by 0x5FD6524: ??? (in /usr/lib/x86_64-linux-gnu/libasound.so.2.0.0)
==2754==    by 0x5FD5F61: ??? (in /usr/lib/x86_64-linux-gnu/libasound.so.2.0.0)
==2754==    by 0x5FD6524: ??? (in /usr/lib/x86_64-linux-gnu/libasound.so.2.0.0)
==2754==    by 0x5FD5F61: ??? (in /usr/lib/x86_64-linux-gnu/libasound.so.2.0.0)
==2754==    by 0x5FD65F2: ??? (in /usr/lib/x86_64-linux-gnu/libasound.so.2.0.0)
==2754==    by 0x5FD97EA: snd_config_update_r (in /usr/lib/x86_64-linux-gnu/libasound.so.2.0.0)
==2754==    by 0x5FD9D14: snd_config_update (in /usr/lib/x86_64-linux-gnu/libasound.so.2.0.0)
==2754== 
==2754== 216 bytes in 3 blocks are possibly lost in loss record 300 of 355
==2754==    at 0x4C2FB55: calloc (in /usr/lib/valgrind/vgpreload_memcheck-amd64-linux.so)
==2754==    by 0x5FD3898: ??? (in /usr/lib/x86_64-linux-gnu/libasound.so.2.0.0)
==2754==    by 0x5FD395C: ??? (in /usr/lib/x86_64-linux-gnu/libasound.so.2.0.0)
==2754==    by 0x5FD426C: ??? (in /usr/lib/x86_64-linux-gnu/libasound.so.2.0.0)
==2754==    by 0x5FD5FF3: ??? (in /usr/lib/x86_64-linux-gnu/libasound.so.2.0.0)
==2754==    by 0x5FD6524: ??? (in /usr/lib/x86_64-linux-gnu/libasound.so.2.0.0)
==2754==    by 0x5FD5F61: ??? (in /usr/lib/x86_64-linux-gnu/libasound.so.2.0.0)
==2754==    by 0x5FD6524: ??? (in /usr/lib/x86_64-linux-gnu/libasound.so.2.0.0)
==2754==    by 0x5FD5F61: ??? (in /usr/lib/x86_64-linux-gnu/libasound.so.2.0.0)
==2754==    by 0x5FD6524: ??? (in /usr/lib/x86_64-linux-gnu/libasound.so.2.0.0)
==2754==    by 0x5FD5F61: ??? (in /usr/lib/x86_64-linux-gnu/libasound.so.2.0.0)
==2754==    by 0x5FD65F2: ??? (in /usr/lib/x86_64-linux-gnu/libasound.so.2.0.0)
==2754== 
==2754== 216 bytes in 3 blocks are possibly lost in loss record 301 of 355
==2754==    at 0x4C2FB55: calloc (in /usr/lib/valgrind/vgpreload_memcheck-amd64-linux.so)
==2754==    by 0x5FD3898: ??? (in /usr/lib/x86_64-linux-gnu/libasound.so.2.0.0)
==2754==    by 0x5FD395C: ??? (in /usr/lib/x86_64-linux-gnu/libasound.so.2.0.0)
==2754==    by 0x5FD426C: ??? (in /usr/lib/x86_64-linux-gnu/libasound.so.2.0.0)
==2754==    by 0x5FD63CF: ??? (in /usr/lib/x86_64-linux-gnu/libasound.so.2.0.0)
==2754==    by 0x5FD5F61: ??? (in /usr/lib/x86_64-linux-gnu/libasound.so.2.0.0)
==2754==    by 0x5FD6524: ??? (in /usr/lib/x86_64-linux-gnu/libasound.so.2.0.0)
==2754==    by 0x5FD5F61: ??? (in /usr/lib/x86_64-linux-gnu/libasound.so.2.0.0)
==2754==    by 0x5FD6524: ??? (in /usr/lib/x86_64-linux-gnu/libasound.so.2.0.0)
==2754==    by 0x5FD5F61: ??? (in /usr/lib/x86_64-linux-gnu/libasound.so.2.0.0)
==2754==    by 0x5FD65F2: ??? (in /usr/lib/x86_64-linux-gnu/libasound.so.2.0.0)
==2754==    by 0x5FD97EA: snd_config_update_r (in /usr/lib/x86_64-linux-gnu/libasound.so.2.0.0)
==2754== 
==2754== 216 bytes in 3 blocks are possibly lost in loss record 302 of 355
==2754==    at 0x4C2FB55: calloc (in /usr/lib/valgrind/vgpreload_memcheck-amd64-linux.so)
==2754==    by 0x5FD3898: ??? (in /usr/lib/x86_64-linux-gnu/libasound.so.2.0.0)
==2754==    by 0x5FD395C: ??? (in /usr/lib/x86_64-linux-gnu/libasound.so.2.0.0)
==2754==    by 0x5FD61C8: ??? (in /usr/lib/x86_64-linux-gnu/libasound.so.2.0.0)
==2754==    by 0x5FD65F2: ??? (in /usr/lib/x86_64-linux-gnu/libasound.so.2.0.0)
==2754==    by 0x5FD683C: ??? (in /usr/lib/x86_64-linux-gnu/libasound.so.2.0.0)
==2754==    by 0x5FD869A: snd_config_hook_load (in /usr/lib/x86_64-linux-gnu/libasound.so.2.0.0)
==2754==    by 0x5FD91B8: ??? (in /usr/lib/x86_64-linux-gnu/libasound.so.2.0.0)
==2754==    by 0x5FD9874: snd_config_update_r (in /usr/lib/x86_64-linux-gnu/libasound.so.2.0.0)
==2754==    by 0x5FD9D14: snd_config_update (in /usr/lib/x86_64-linux-gnu/libasound.so.2.0.0)
==2754==    by 0x6044A04: snd_seq_open (in /usr/lib/x86_64-linux-gnu/libasound.so.2.0.0)
==2754==    by 0x405867: setupSequencer (main.c:128)
==2754== 
==2754== 236 bytes in 18 blocks are possibly lost in loss record 303 of 355
==2754==    at 0x4C2DB8F: malloc (in /usr/lib/valgrind/vgpreload_memcheck-amd64-linux.so)
==2754==    by 0x5FD39E4: ??? (in /usr/lib/x86_64-linux-gnu/libasound.so.2.0.0)
==2754==    by 0x5FD401D: ??? (in /usr/lib/x86_64-linux-gnu/libasound.so.2.0.0)
==2754==    by 0x5FD4109: ??? (in /usr/lib/x86_64-linux-gnu/libasound.so.2.0.0)
==2754==    by 0x5FD5FF3: ??? (in /usr/lib/x86_64-linux-gnu/libasound.so.2.0.0)
==2754==    by 0x5FD6224: ??? (in /usr/lib/x86_64-linux-gnu/libasound.so.2.0.0)
==2754==    by 0x5FD6224: ??? (in /usr/lib/x86_64-linux-gnu/libasound.so.2.0.0)
==2754==    by 0x5FD6224: ??? (in /usr/lib/x86_64-linux-gnu/libasound.so.2.0.0)
==2754==    by 0x5FD6224: ??? (in /usr/lib/x86_64-linux-gnu/libasound.so.2.0.0)
==2754==    by 0x5FD65F2: ??? (in /usr/lib/x86_64-linux-gnu/libasound.so.2.0.0)
==2754==    by 0x5FD97EA: snd_config_update_r (in /usr/lib/x86_64-linux-gnu/libasound.so.2.0.0)
==2754==    by 0x5FD9D14: snd_config_update (in /usr/lib/x86_64-linux-gnu/libasound.so.2.0.0)
==2754== 
==2754== 241 bytes in 6 blocks are possibly lost in loss record 304 of 355
==2754==    at 0x4C2DB8F: malloc (in /usr/lib/valgrind/vgpreload_memcheck-amd64-linux.so)
==2754==    by 0x5FD39E4: ??? (in /usr/lib/x86_64-linux-gnu/libasound.so.2.0.0)
==2754==    by 0x5FD3C96: ??? (in /usr/lib/x86_64-linux-gnu/libasound.so.2.0.0)
==2754==    by 0x5FD3F5C: ??? (in /usr/lib/x86_64-linux-gnu/libasound.so.2.0.0)
==2754==    by 0x5FD4109: ??? (in /usr/lib/x86_64-linux-gnu/libasound.so.2.0.0)
==2754==    by 0x5FD5FF3: ??? (in /usr/lib/x86_64-linux-gnu/libasound.so.2.0.0)
==2754==    by 0x5FD6224: ??? (in /usr/lib/x86_64-linux-gnu/libasound.so.2.0.0)
==2754==    by 0x5FD6224: ??? (in /usr/lib/x86_64-linux-gnu/libasound.so.2.0.0)
==2754==    by 0x5FD65F2: ??? (in /usr/lib/x86_64-linux-gnu/libasound.so.2.0.0)
==2754==    by 0x5FD97EA: snd_config_update_r (in /usr/lib/x86_64-linux-gnu/libasound.so.2.0.0)
==2754==    by 0x5FD9D14: snd_config_update (in /usr/lib/x86_64-linux-gnu/libasound.so.2.0.0)
==2754==    by 0x6044A04: snd_seq_open (in /usr/lib/x86_64-linux-gnu/libasound.so.2.0.0)
==2754== 
==2754== 249 bytes in 47 blocks are possibly lost in loss record 305 of 355
==2754==    at 0x4C2DB8F: malloc (in /usr/lib/valgrind/vgpreload_memcheck-amd64-linux.so)
==2754==    by 0x5FD39E4: ??? (in /usr/lib/x86_64-linux-gnu/libasound.so.2.0.0)
==2754==    by 0x5FD401D: ??? (in /usr/lib/x86_64-linux-gnu/libasound.so.2.0.0)
==2754==    by 0x5FD4109: ??? (in /usr/lib/x86_64-linux-gnu/libasound.so.2.0.0)
==2754==    by 0x5FD5FF3: ??? (in /usr/lib/x86_64-linux-gnu/libasound.so.2.0.0)
==2754==    by 0x5FD6224: ??? (in /usr/lib/x86_64-linux-gnu/libasound.so.2.0.0)
==2754==    by 0x5FD65F2: ??? (in /usr/lib/x86_64-linux-gnu/libasound.so.2.0.0)
==2754==    by 0x5FD97EA: snd_config_update_r (in /usr/lib/x86_64-linux-gnu/libasound.so.2.0.0)
==2754==    by 0x5FD9D14: snd_config_update (in /usr/lib/x86_64-linux-gnu/libasound.so.2.0.0)
==2754==    by 0x6044A04: snd_seq_open (in /usr/lib/x86_64-linux-gnu/libasound.so.2.0.0)
==2754==    by 0x405867: setupSequencer (main.c:128)
==2754==    by 0x405F4F: setup (main.c:227)
==2754== 
==2754== 288 bytes in 4 blocks are possibly lost in loss record 308 of 355
==2754==    at 0x4C2FB55: calloc (in /usr/lib/valgrind/vgpreload_memcheck-amd64-linux.so)
==2754==    by 0x5FD3898: ??? (in /usr/lib/x86_64-linux-gnu/libasound.so.2.0.0)
==2754==    by 0x5FD395C: ??? (in /usr/lib/x86_64-linux-gnu/libasound.so.2.0.0)
==2754==    by 0x5FD426C: ??? (in /usr/lib/x86_64-linux-gnu/libasound.so.2.0.0)
==2754==    by 0x5FD5FF3: ??? (in /usr/lib/x86_64-linux-gnu/libasound.so.2.0.0)
==2754==    by 0x5FD6224: ??? (in /usr/lib/x86_64-linux-gnu/libasound.so.2.0.0)
==2754==    by 0x5FD65F2: ??? (in /usr/lib/x86_64-linux-gnu/libasound.so.2.0.0)
==2754==    by 0x5FD683C: ??? (in /usr/lib/x86_64-linux-gnu/libasound.so.2.0.0)
==2754==    by 0x5FD869A: snd_config_hook_load (in /usr/lib/x86_64-linux-gnu/libasound.so.2.0.0)
==2754==    by 0x5FD91B8: ??? (in /usr/lib/x86_64-linux-gnu/libasound.so.2.0.0)
==2754==    by 0x5FD9874: snd_config_update_r (in /usr/lib/x86_64-linux-gnu/libasound.so.2.0.0)
==2754==    by 0x5FD9D14: snd_config_update (in /usr/lib/x86_64-linux-gnu/libasound.so.2.0.0)
==2754== 
==2754== 358 bytes in 61 blocks are possibly lost in loss record 310 of 355
==2754==    at 0x4C2DB8F: malloc (in /usr/lib/valgrind/vgpreload_memcheck-amd64-linux.so)
==2754==    by 0x5FD39E4: ??? (in /usr/lib/x86_64-linux-gnu/libasound.so.2.0.0)
==2754==    by 0x5FD401D: ??? (in /usr/lib/x86_64-linux-gnu/libasound.so.2.0.0)
==2754==    by 0x5FD5DDE: ??? (in /usr/lib/x86_64-linux-gnu/libasound.so.2.0.0)
==2754==    by 0x5FD6224: ??? (in /usr/lib/x86_64-linux-gnu/libasound.so.2.0.0)
==2754==    by 0x5FD6224: ??? (in /usr/lib/x86_64-linux-gnu/libasound.so.2.0.0)
==2754==    by 0x5FD6224: ??? (in /usr/lib/x86_64-linux-gnu/libasound.so.2.0.0)
==2754==    by 0x5FD65F2: ??? (in /usr/lib/x86_64-linux-gnu/libasound.so.2.0.0)
==2754==    by 0x5FD97EA: snd_config_update_r (in /usr/lib/x86_64-linux-gnu/libasound.so.2.0.0)
==2754==    by 0x5FD9D14: snd_config_update (in /usr/lib/x86_64-linux-gnu/libasound.so.2.0.0)
==2754==    by 0x6044A04: snd_seq_open (in /usr/lib/x86_64-linux-gnu/libasound.so.2.0.0)
==2754==    by 0x405867: setupSequencer (main.c:128)
==2754== 
==2754== 487 bytes in 54 blocks are possibly lost in loss record 313 of 355
==2754==    at 0x4C2DB8F: malloc (in /usr/lib/valgrind/vgpreload_memcheck-amd64-linux.so)
==2754==    by 0x5FD39E4: ??? (in /usr/lib/x86_64-linux-gnu/libasound.so.2.0.0)
==2754==    by 0x5FD401D: ??? (in /usr/lib/x86_64-linux-gnu/libasound.so.2.0.0)
==2754==    by 0x5FD4109: ??? (in /usr/lib/x86_64-linux-gnu/libasound.so.2.0.0)
==2754==    by 0x5FD5FF3: ??? (in /usr/lib/x86_64-linux-gnu/libasound.so.2.0.0)
==2754==    by 0x5FD6224: ??? (in /usr/lib/x86_64-linux-gnu/libasound.so.2.0.0)
==2754==    by 0x5FD6224: ??? (in /usr/lib/x86_64-linux-gnu/libasound.so.2.0.0)
==2754==    by 0x5FD65F2: ??? (in /usr/lib/x86_64-linux-gnu/libasound.so.2.0.0)
==2754==    by 0x5FD97EA: snd_config_update_r (in /usr/lib/x86_64-linux-gnu/libasound.so.2.0.0)
==2754==    by 0x5FD9D14: snd_config_update (in /usr/lib/x86_64-linux-gnu/libasound.so.2.0.0)
==2754==    by 0x6044A04: snd_seq_open (in /usr/lib/x86_64-linux-gnu/libasound.so.2.0.0)
==2754==    by 0x405867: setupSequencer (main.c:128)
==2754== 
==2754== 559 bytes in 43 blocks are possibly lost in loss record 318 of 355
==2754==    at 0x4C2DB8F: malloc (in /usr/lib/valgrind/vgpreload_memcheck-amd64-linux.so)
==2754==    by 0x5FD39E4: ??? (in /usr/lib/x86_64-linux-gnu/libasound.so.2.0.0)
==2754==    by 0x5FD401D: ??? (in /usr/lib/x86_64-linux-gnu/libasound.so.2.0.0)
==2754==    by 0x5FD4109: ??? (in /usr/lib/x86_64-linux-gnu/libasound.so.2.0.0)
==2754==    by 0x5FD5FF3: ??? (in /usr/lib/x86_64-linux-gnu/libasound.so.2.0.0)
==2754==    by 0x5FD6224: ??? (in /usr/lib/x86_64-linux-gnu/libasound.so.2.0.0)
==2754==    by 0x5FD6224: ??? (in /usr/lib/x86_64-linux-gnu/libasound.so.2.0.0)
==2754==    by 0x5FD6224: ??? (in /usr/lib/x86_64-linux-gnu/libasound.so.2.0.0)
==2754==    by 0x5FD65F2: ??? (in /usr/lib/x86_64-linux-gnu/libasound.so.2.0.0)
==2754==    by 0x5FD97EA: snd_config_update_r (in /usr/lib/x86_64-linux-gnu/libasound.so.2.0.0)
==2754==    by 0x5FD9D14: snd_config_update (in /usr/lib/x86_64-linux-gnu/libasound.so.2.0.0)
==2754==    by 0x6044A04: snd_seq_open (in /usr/lib/x86_64-linux-gnu/libasound.so.2.0.0)
==2754== 
==2754== 576 bytes in 8 blocks are possibly lost in loss record 319 of 355
==2754==    at 0x4C2FB55: calloc (in /usr/lib/valgrind/vgpreload_memcheck-amd64-linux.so)
==2754==    by 0x5FD3898: ??? (in /usr/lib/x86_64-linux-gnu/libasound.so.2.0.0)
==2754==    by 0x5FD395C: ??? (in /usr/lib/x86_64-linux-gnu/libasound.so.2.0.0)
==2754==    by 0x5FD426C: ??? (in /usr/lib/x86_64-linux-gnu/libasound.so.2.0.0)
==2754==    by 0x5FD63CF: ??? (in /usr/lib/x86_64-linux-gnu/libasound.so.2.0.0)
==2754==    by 0x5FD5F61: ??? (in /usr/lib/x86_64-linux-gnu/libasound.so.2.0.0)
==2754==    by 0x5FD6224: ??? (in /usr/lib/x86_64-linux-gnu/libasound.so.2.0.0)
==2754==    by 0x5FD6224: ??? (in /usr/lib/x86_64-linux-gnu/libasound.so.2.0.0)
==2754==    by 0x5FD65F2: ??? (in /usr/lib/x86_64-linux-gnu/libasound.so.2.0.0)
==2754==    by 0x5FD97EA: snd_config_update_r (in /usr/lib/x86_64-linux-gnu/libasound.so.2.0.0)
==2754==    by 0x5FD9D14: snd_config_update (in /usr/lib/x86_64-linux-gnu/libasound.so.2.0.0)
==2754==    by 0x6044A04: snd_seq_open (in /usr/lib/x86_64-linux-gnu/libasound.so.2.0.0)
==2754== 
==2754== 607 bytes in 93 blocks are possibly lost in loss record 320 of 355
==2754==    at 0x4C2DB8F: malloc (in /usr/lib/valgrind/vgpreload_memcheck-amd64-linux.so)
==2754==    by 0x5FD39E4: ??? (in /usr/lib/x86_64-linux-gnu/libasound.so.2.0.0)
==2754==    by 0x5FD401D: ??? (in /usr/lib/x86_64-linux-gnu/libasound.so.2.0.0)
==2754==    by 0x5FD5DDE: ??? (in /usr/lib/x86_64-linux-gnu/libasound.so.2.0.0)
==2754==    by 0x5FD6224: ??? (in /usr/lib/x86_64-linux-gnu/libasound.so.2.0.0)
==2754==    by 0x5FD6224: ??? (in /usr/lib/x86_64-linux-gnu/libasound.so.2.0.0)
==2754==    by 0x5FD65F2: ??? (in /usr/lib/x86_64-linux-gnu/libasound.so.2.0.0)
==2754==    by 0x5FD97EA: snd_config_update_r (in /usr/lib/x86_64-linux-gnu/libasound.so.2.0.0)
==2754==    by 0x5FD9D14: snd_config_update (in /usr/lib/x86_64-linux-gnu/libasound.so.2.0.0)
==2754==    by 0x6044A04: snd_seq_open (in /usr/lib/x86_64-linux-gnu/libasound.so.2.0.0)
==2754==    by 0x405867: setupSequencer (main.c:128)
==2754==    by 0x405F4F: setup (main.c:227)
==2754== 
==2754== 720 bytes in 10 blocks are possibly lost in loss record 321 of 355
==2754==    at 0x4C2FB55: calloc (in /usr/lib/valgrind/vgpreload_memcheck-amd64-linux.so)
==2754==    by 0x5FD3898: ??? (in /usr/lib/x86_64-linux-gnu/libasound.so.2.0.0)
==2754==    by 0x5FD395C: ??? (in /usr/lib/x86_64-linux-gnu/libasound.so.2.0.0)
==2754==    by 0x5FD5EE3: ??? (in /usr/lib/x86_64-linux-gnu/libasound.so.2.0.0)
==2754==    by 0x5FD6224: ??? (in /usr/lib/x86_64-linux-gnu/libasound.so.2.0.0)
==2754==    by 0x5FD65F2: ??? (in /usr/lib/x86_64-linux-gnu/libasound.so.2.0.0)
==2754==    by 0x5FD97EA: snd_config_update_r (in /usr/lib/x86_64-linux-gnu/libasound.so.2.0.0)
==2754==    by 0x5FD9D14: snd_config_update (in /usr/lib/x86_64-linux-gnu/libasound.so.2.0.0)
==2754==    by 0x6044A04: snd_seq_open (in /usr/lib/x86_64-linux-gnu/libasound.so.2.0.0)
==2754==    by 0x405867: setupSequencer (main.c:128)
==2754==    by 0x405F4F: setup (main.c:227)
==2754==    by 0x406763: main (main.c:308)
==2754== 
==2754== 734 bytes in 122 blocks are possibly lost in loss record 322 of 355
==2754==    at 0x4C2DB8F: malloc (in /usr/lib/valgrind/vgpreload_memcheck-amd64-linux.so)
==2754==    by 0x5FD39E4: ??? (in /usr/lib/x86_64-linux-gnu/libasound.so.2.0.0)
==2754==    by 0x5FD401D: ??? (in /usr/lib/x86_64-linux-gnu/libasound.so.2.0.0)
==2754==    by 0x5FD5DDE: ??? (in /usr/lib/x86_64-linux-gnu/libasound.so.2.0.0)
==2754==    by 0x5FD6224: ??? (in /usr/lib/x86_64-linux-gnu/libasound.so.2.0.0)
==2754==    by 0x5FD65F2: ??? (in /usr/lib/x86_64-linux-gnu/libasound.so.2.0.0)
==2754==    by 0x5FD97EA: snd_config_update_r (in /usr/lib/x86_64-linux-gnu/libasound.so.2.0.0)
==2754==    by 0x5FD9D14: snd_config_update (in /usr/lib/x86_64-linux-gnu/libasound.so.2.0.0)
==2754==    by 0x6044A04: snd_seq_open (in /usr/lib/x86_64-linux-gnu/libasound.so.2.0.0)
==2754==    by 0x405867: setupSequencer (main.c:128)
==2754==    by 0x405F4F: setup (main.c:227)
==2754==    by 0x406763: main (main.c:308)
==2754== 
==2754== 880 bytes in 52 blocks are possibly lost in loss record 323 of 355
==2754==    at 0x4C2DB8F: malloc (in /usr/lib/valgrind/vgpreload_memcheck-amd64-linux.so)
==2754==    by 0x5FD39E4: ??? (in /usr/lib/x86_64-linux-gnu/libasound.so.2.0.0)
==2754==    by 0x5FD401D: ??? (in /usr/lib/x86_64-linux-gnu/libasound.so.2.0.0)
==2754==    by 0x5FD4109: ??? (in /usr/lib/x86_64-linux-gnu/libasound.so.2.0.0)
==2754==    by 0x5FD5FF3: ??? (in /usr/lib/x86_64-linux-gnu/libasound.so.2.0.0)
==2754==    by 0x5FD65F2: ??? (in /usr/lib/x86_64-linux-gnu/libasound.so.2.0.0)
==2754==    by 0x5FD97EA: snd_config_update_r (in /usr/lib/x86_64-linux-gnu/libasound.so.2.0.0)
==2754==    by 0x5FD9D14: snd_config_update (in /usr/lib/x86_64-linux-gnu/libasound.so.2.0.0)
==2754==    by 0x6044A04: snd_seq_open (in /usr/lib/x86_64-linux-gnu/libasound.so.2.0.0)
==2754==    by 0x405867: setupSequencer (main.c:128)
==2754==    by 0x405F4F: setup (main.c:227)
==2754==    by 0x406763: main (main.c:308)
==2754== 
==2754== 883 bytes in 126 blocks are possibly lost in loss record 324 of 355
==2754==    at 0x4C2DB8F: malloc (in /usr/lib/valgrind/vgpreload_memcheck-amd64-linux.so)
==2754==    by 0x5FD39E4: ??? (in /usr/lib/x86_64-linux-gnu/libasound.so.2.0.0)
==2754==    by 0x5FD401D: ??? (in /usr/lib/x86_64-linux-gnu/libasound.so.2.0.0)
==2754==    by 0x5FD5DDE: ??? (in /usr/lib/x86_64-linux-gnu/libasound.so.2.0.0)
==2754==    by 0x5FD65F2: ??? (in /usr/lib/x86_64-linux-gnu/libasound.so.2.0.0)
==2754==    by 0x5FD97EA: snd_config_update_r (in /usr/lib/x86_64-linux-gnu/libasound.so.2.0.0)
==2754==    by 0x5FD9D14: snd_config_update (in /usr/lib/x86_64-linux-gnu/libasound.so.2.0.0)
==2754==    by 0x6044A04: snd_seq_open (in /usr/lib/x86_64-linux-gnu/libasound.so.2.0.0)
==2754==    by 0x405867: setupSequencer (main.c:128)
==2754==    by 0x405F4F: setup (main.c:227)
==2754==    by 0x406763: main (main.c:308)
==2754== 
==2754== 1,008 bytes in 14 blocks are possibly lost in loss record 325 of 355
==2754==    at 0x4C2FB55: calloc (in /usr/lib/valgrind/vgpreload_memcheck-amd64-linux.so)
==2754==    by 0x5FD3898: ??? (in /usr/lib/x86_64-linux-gnu/libasound.so.2.0.0)
==2754==    by 0x5FD395C: ??? (in /usr/lib/x86_64-linux-gnu/libasound.so.2.0.0)
==2754==    by 0x5FD426C: ??? (in /usr/lib/x86_64-linux-gnu/libasound.so.2.0.0)
==2754==    by 0x5FD63CF: ??? (in /usr/lib/x86_64-linux-gnu/libasound.so.2.0.0)
==2754==    by 0x5FD5F61: ??? (in /usr/lib/x86_64-linux-gnu/libasound.so.2.0.0)
==2754==    by 0x5FD6224: ??? (in /usr/lib/x86_64-linux-gnu/libasound.so.2.0.0)
==2754==    by 0x5FD6224: ??? (in /usr/lib/x86_64-linux-gnu/libasound.so.2.0.0)
==2754==    by 0x5FD6224: ??? (in /usr/lib/x86_64-linux-gnu/libasound.so.2.0.0)
==2754==    by 0x5FD65F2: ??? (in /usr/lib/x86_64-linux-gnu/libasound.so.2.0.0)
==2754==    by 0x5FD97EA: snd_config_update_r (in /usr/lib/x86_64-linux-gnu/libasound.so.2.0.0)
==2754==    by 0x5FD9D14: snd_config_update (in /usr/lib/x86_64-linux-gnu/libasound.so.2.0.0)
==2754== 
==2754== 1,296 bytes in 18 blocks are possibly lost in loss record 326 of 355
==2754==    at 0x4C2FB55: calloc (in /usr/lib/valgrind/vgpreload_memcheck-amd64-linux.so)
==2754==    by 0x5FD3898: ??? (in /usr/lib/x86_64-linux-gnu/libasound.so.2.0.0)
==2754==    by 0x5FD395C: ??? (in /usr/lib/x86_64-linux-gnu/libasound.so.2.0.0)
==2754==    by 0x5FD61C8: ??? (in /usr/lib/x86_64-linux-gnu/libasound.so.2.0.0)
==2754==    by 0x5FD6224: ??? (in /usr/lib/x86_64-linux-gnu/libasound.so.2.0.0)
==2754==    by 0x5FD6224: ??? (in /usr/lib/x86_64-linux-gnu/libasound.so.2.0.0)
==2754==    by 0x5FD6224: ??? (in /usr/lib/x86_64-linux-gnu/libasound.so.2.0.0)
==2754==    by 0x5FD65F2: ??? (in /usr/lib/x86_64-linux-gnu/libasound.so.2.0.0)
==2754==    by 0x5FD97EA: snd_config_update_r (in /usr/lib/x86_64-linux-gnu/libasound.so.2.0.0)
==2754==    by 0x5FD9D14: snd_config_update (in /usr/lib/x86_64-linux-gnu/libasound.so.2.0.0)
==2754==    by 0x6044A04: snd_seq_open (in /usr/lib/x86_64-linux-gnu/libasound.so.2.0.0)
==2754==    by 0x405867: setupSequencer (main.c:128)
==2754== 
==2754== 1,296 bytes in 18 blocks are possibly lost in loss record 327 of 355
==2754==    at 0x4C2FB55: calloc (in /usr/lib/valgrind/vgpreload_memcheck-amd64-linux.so)
==2754==    by 0x5FD3898: ??? (in /usr/lib/x86_64-linux-gnu/libasound.so.2.0.0)
==2754==    by 0x5FD395C: ??? (in /usr/lib/x86_64-linux-gnu/libasound.so.2.0.0)
==2754==    by 0x5FD426C: ??? (in /usr/lib/x86_64-linux-gnu/libasound.so.2.0.0)
==2754==    by 0x5FD5FF3: ??? (in /usr/lib/x86_64-linux-gnu/libasound.so.2.0.0)
==2754==    by 0x5FD6224: ??? (in /usr/lib/x86_64-linux-gnu/libasound.so.2.0.0)
==2754==    by 0x5FD6224: ??? (in /usr/lib/x86_64-linux-gnu/libasound.so.2.0.0)
==2754==    by 0x5FD6224: ??? (in /usr/lib/x86_64-linux-gnu/libasound.so.2.0.0)
==2754==    by 0x5FD6224: ??? (in /usr/lib/x86_64-linux-gnu/libasound.so.2.0.0)
==2754==    by 0x5FD65F2: ??? (in /usr/lib/x86_64-linux-gnu/libasound.so.2.0.0)
==2754==    by 0x5FD97EA: snd_config_update_r (in /usr/lib/x86_64-linux-gnu/libasound.so.2.0.0)
==2754==    by 0x5FD9D14: snd_config_update (in /usr/lib/x86_64-linux-gnu/libasound.so.2.0.0)
==2754== 
==2754== 1,512 bytes in 21 blocks are possibly lost in loss record 328 of 355
==2754==    at 0x4C2FB55: calloc (in /usr/lib/valgrind/vgpreload_memcheck-amd64-linux.so)
==2754==    by 0x5FD3898: ??? (in /usr/lib/x86_64-linux-gnu/libasound.so.2.0.0)
==2754==    by 0x5FD395C: ??? (in /usr/lib/x86_64-linux-gnu/libasound.so.2.0.0)
==2754==    by 0x5FD4238: ??? (in /usr/lib/x86_64-linux-gnu/libasound.so.2.0.0)
==2754==    by 0x5FD5FF3: ??? (in /usr/lib/x86_64-linux-gnu/libasound.so.2.0.0)
==2754==    by 0x5FD65F2: ??? (in /usr/lib/x86_64-linux-gnu/libasound.so.2.0.0)
==2754==    by 0x5FD97EA: snd_config_update_r (in /usr/lib/x86_64-linux-gnu/libasound.so.2.0.0)
==2754==    by 0x5FD9D14: snd_config_update (in /usr/lib/x86_64-linux-gnu/libasound.so.2.0.0)
==2754==    by 0x6044A04: snd_seq_open (in /usr/lib/x86_64-linux-gnu/libasound.so.2.0.0)
==2754==    by 0x405867: setupSequencer (main.c:128)
==2754==    by 0x405F4F: setup (main.c:227)
==2754==    by 0x406763: main (main.c:308)
==2754== 
==2754== 1,584 bytes in 22 blocks are possibly lost in loss record 329 of 355
==2754==    at 0x4C2FB55: calloc (in /usr/lib/valgrind/vgpreload_memcheck-amd64-linux.so)
==2754==    by 0x5FD3898: ??? (in /usr/lib/x86_64-linux-gnu/libasound.so.2.0.0)
==2754==    by 0x5FD395C: ??? (in /usr/lib/x86_64-linux-gnu/libasound.so.2.0.0)
==2754==    by 0x5FD61C8: ??? (in /usr/lib/x86_64-linux-gnu/libasound.so.2.0.0)
==2754==    by 0x5FD65F2: ??? (in /usr/lib/x86_64-linux-gnu/libasound.so.2.0.0)
==2754==    by 0x5FD97EA: snd_config_update_r (in /usr/lib/x86_64-linux-gnu/libasound.so.2.0.0)
==2754==    by 0x5FD9D14: snd_config_update (in /usr/lib/x86_64-linux-gnu/libasound.so.2.0.0)
==2754==    by 0x6044A04: snd_seq_open (in /usr/lib/x86_64-linux-gnu/libasound.so.2.0.0)
==2754==    by 0x405867: setupSequencer (main.c:128)
==2754==    by 0x405F4F: setup (main.c:227)
==2754==    by 0x406763: main (main.c:308)
==2754== 
==2754== 2,016 bytes in 28 blocks are possibly lost in loss record 330 of 355
==2754==    at 0x4C2FB55: calloc (in /usr/lib/valgrind/vgpreload_memcheck-amd64-linux.so)
==2754==    by 0x5FD3898: ??? (in /usr/lib/x86_64-linux-gnu/libasound.so.2.0.0)
==2754==    by 0x5FD395C: ??? (in /usr/lib/x86_64-linux-gnu/libasound.so.2.0.0)
==2754==    by 0x5FD426C: ??? (in /usr/lib/x86_64-linux-gnu/libasound.so.2.0.0)
==2754==    by 0x5FD63CF: ??? (in /usr/lib/x86_64-linux-gnu/libasound.so.2.0.0)
==2754==    by 0x5FD5F61: ??? (in /usr/lib/x86_64-linux-gnu/libasound.so.2.0.0)
==2754==    by 0x5FD6224: ??? (in /usr/lib/x86_64-linux-gnu/libasound.so.2.0.0)
==2754==    by 0x5FD65F2: ??? (in /usr/lib/x86_64-linux-gnu/libasound.so.2.0.0)
==2754==    by 0x5FD97EA: snd_config_update_r (in /usr/lib/x86_64-linux-gnu/libasound.so.2.0.0)
==2754==    by 0x5FD9D14: snd_config_update (in /usr/lib/x86_64-linux-gnu/libasound.so.2.0.0)
==2754==    by 0x6044A04: snd_seq_open (in /usr/lib/x86_64-linux-gnu/libasound.so.2.0.0)
==2754==    by 0x405867: setupSequencer (main.c:128)
==2754== 
==2754== 2,088 bytes in 29 blocks are possibly lost in loss record 338 of 355
==2754==    at 0x4C2FB55: calloc (in /usr/lib/valgrind/vgpreload_memcheck-amd64-linux.so)
==2754==    by 0x5FD3898: ??? (in /usr/lib/x86_64-linux-gnu/libasound.so.2.0.0)
==2754==    by 0x5FD395C: ??? (in /usr/lib/x86_64-linux-gnu/libasound.so.2.0.0)
==2754==    by 0x5FD5EE3: ??? (in /usr/lib/x86_64-linux-gnu/libasound.so.2.0.0)
==2754==    by 0x5FD65F2: ??? (in /usr/lib/x86_64-linux-gnu/libasound.so.2.0.0)
==2754==    by 0x5FD97EA: snd_config_update_r (in /usr/lib/x86_64-linux-gnu/libasound.so.2.0.0)
==2754==    by 0x5FD9D14: snd_config_update (in /usr/lib/x86_64-linux-gnu/libasound.so.2.0.0)
==2754==    by 0x6044A04: snd_seq_open (in /usr/lib/x86_64-linux-gnu/libasound.so.2.0.0)
==2754==    by 0x405867: setupSequencer (main.c:128)
==2754==    by 0x405F4F: setup (main.c:227)
==2754==    by 0x406763: main (main.c:308)
==2754== 
==2754== 2,232 bytes in 31 blocks are possibly lost in loss record 339 of 355
==2754==    at 0x4C2FB55: calloc (in /usr/lib/valgrind/vgpreload_memcheck-amd64-linux.so)
==2754==    by 0x5FD3898: ??? (in /usr/lib/x86_64-linux-gnu/libasound.so.2.0.0)
==2754==    by 0x5FD395C: ??? (in /usr/lib/x86_64-linux-gnu/libasound.so.2.0.0)
==2754==    by 0x5FD61C8: ??? (in /usr/lib/x86_64-linux-gnu/libasound.so.2.0.0)
==2754==    by 0x5FD6224: ??? (in /usr/lib/x86_64-linux-gnu/libasound.so.2.0.0)
==2754==    by 0x5FD6224: ??? (in /usr/lib/x86_64-linux-gnu/libasound.so.2.0.0)
==2754==    by 0x5FD65F2: ??? (in /usr/lib/x86_64-linux-gnu/libasound.so.2.0.0)
==2754==    by 0x5FD97EA: snd_config_update_r (in /usr/lib/x86_64-linux-gnu/libasound.so.2.0.0)
==2754==    by 0x5FD9D14: snd_config_update (in /usr/lib/x86_64-linux-gnu/libasound.so.2.0.0)
==2754==    by 0x6044A04: snd_seq_open (in /usr/lib/x86_64-linux-gnu/libasound.so.2.0.0)
==2754==    by 0x405867: setupSequencer (main.c:128)
==2754==    by 0x405F4F: setup (main.c:227)
==2754== 
==2754== 3,096 bytes in 43 blocks are possibly lost in loss record 341 of 355
==2754==    at 0x4C2FB55: calloc (in /usr/lib/valgrind/vgpreload_memcheck-amd64-linux.so)
==2754==    by 0x5FD3898: ??? (in /usr/lib/x86_64-linux-gnu/libasound.so.2.0.0)
==2754==    by 0x5FD395C: ??? (in /usr/lib/x86_64-linux-gnu/libasound.so.2.0.0)
==2754==    by 0x5FD426C: ??? (in /usr/lib/x86_64-linux-gnu/libasound.so.2.0.0)
==2754==    by 0x5FD5FF3: ??? (in /usr/lib/x86_64-linux-gnu/libasound.so.2.0.0)
==2754==    by 0x5FD6224: ??? (in /usr/lib/x86_64-linux-gnu/libasound.so.2.0.0)
==2754==    by 0x5FD6224: ??? (in /usr/lib/x86_64-linux-gnu/libasound.so.2.0.0)
==2754==    by 0x5FD6224: ??? (in /usr/lib/x86_64-linux-gnu/libasound.so.2.0.0)
==2754==    by 0x5FD65F2: ??? (in /usr/lib/x86_64-linux-gnu/libasound.so.2.0.0)
==2754==    by 0x5FD97EA: snd_config_update_r (in /usr/lib/x86_64-linux-gnu/libasound.so.2.0.0)
==2754==    by 0x5FD9D14: snd_config_update (in /usr/lib/x86_64-linux-gnu/libasound.so.2.0.0)
==2754==    by 0x6044A04: snd_seq_open (in /usr/lib/x86_64-linux-gnu/libasound.so.2.0.0)
==2754== 
==2754== 3,816 bytes in 53 blocks are possibly lost in loss record 342 of 355
==2754==    at 0x4C2FB55: calloc (in /usr/lib/valgrind/vgpreload_memcheck-amd64-linux.so)
==2754==    by 0x5FD3898: ??? (in /usr/lib/x86_64-linux-gnu/libasound.so.2.0.0)
==2754==    by 0x5FD395C: ??? (in /usr/lib/x86_64-linux-gnu/libasound.so.2.0.0)
==2754==    by 0x5FD426C: ??? (in /usr/lib/x86_64-linux-gnu/libasound.so.2.0.0)
==2754==    by 0x5FD5FF3: ??? (in /usr/lib/x86_64-linux-gnu/libasound.so.2.0.0)
==2754==    by 0x5FD6224: ??? (in /usr/lib/x86_64-linux-gnu/libasound.so.2.0.0)
==2754==    by 0x5FD65F2: ??? (in /usr/lib/x86_64-linux-gnu/libasound.so.2.0.0)
==2754==    by 0x5FD97EA: snd_config_update_r (in /usr/lib/x86_64-linux-gnu/libasound.so.2.0.0)
==2754==    by 0x5FD9D14: snd_config_update (in /usr/lib/x86_64-linux-gnu/libasound.so.2.0.0)
==2754==    by 0x6044A04: snd_seq_open (in /usr/lib/x86_64-linux-gnu/libasound.so.2.0.0)
==2754==    by 0x405867: setupSequencer (main.c:128)
==2754==    by 0x405F4F: setup (main.c:227)
==2754== 
==2754== 3,888 bytes in 54 blocks are possibly lost in loss record 343 of 355
==2754==    at 0x4C2FB55: calloc (in /usr/lib/valgrind/vgpreload_memcheck-amd64-linux.so)
==2754==    by 0x5FD3898: ??? (in /usr/lib/x86_64-linux-gnu/libasound.so.2.0.0)
==2754==    by 0x5FD395C: ??? (in /usr/lib/x86_64-linux-gnu/libasound.so.2.0.0)
==2754==    by 0x5FD426C: ??? (in /usr/lib/x86_64-linux-gnu/libasound.so.2.0.0)
==2754==    by 0x5FD5FF3: ??? (in /usr/lib/x86_64-linux-gnu/libasound.so.2.0.0)
==2754==    by 0x5FD65F2: ??? (in /usr/lib/x86_64-linux-gnu/libasound.so.2.0.0)
==2754==    by 0x5FD97EA: snd_config_update_r (in /usr/lib/x86_64-linux-gnu/libasound.so.2.0.0)
==2754==    by 0x5FD9D14: snd_config_update (in /usr/lib/x86_64-linux-gnu/libasound.so.2.0.0)
==2754==    by 0x6044A04: snd_seq_open (in /usr/lib/x86_64-linux-gnu/libasound.so.2.0.0)
==2754==    by 0x405867: setupSequencer (main.c:128)
==2754==    by 0x405F4F: setup (main.c:227)
==2754==    by 0x406763: main (main.c:308)
==2754== 
==2754== 4,248 bytes in 59 blocks are possibly lost in loss record 351 of 355
==2754==    at 0x4C2FB55: calloc (in /usr/lib/valgrind/vgpreload_memcheck-amd64-linux.so)
==2754==    by 0x5FD3898: ??? (in /usr/lib/x86_64-linux-gnu/libasound.so.2.0.0)
==2754==    by 0x5FD395C: ??? (in /usr/lib/x86_64-linux-gnu/libasound.so.2.0.0)
==2754==    by 0x5FD61C8: ??? (in /usr/lib/x86_64-linux-gnu/libasound.so.2.0.0)
==2754==    by 0x5FD6224: ??? (in /usr/lib/x86_64-linux-gnu/libasound.so.2.0.0)
==2754==    by 0x5FD65F2: ??? (in /usr/lib/x86_64-linux-gnu/libasound.so.2.0.0)
==2754==    by 0x5FD97EA: snd_config_update_r (in /usr/lib/x86_64-linux-gnu/libasound.so.2.0.0)
==2754==    by 0x5FD9D14: snd_config_update (in /usr/lib/x86_64-linux-gnu/libasound.so.2.0.0)
==2754==    by 0x6044A04: snd_seq_open (in /usr/lib/x86_64-linux-gnu/libasound.so.2.0.0)
==2754==    by 0x405867: setupSequencer (main.c:128)
==2754==    by 0x405F4F: setup (main.c:227)
==2754==    by 0x406763: main (main.c:308)
==2754== 
==2754== 4,320 bytes in 60 blocks are possibly lost in loss record 352 of 355
==2754==    at 0x4C2FB55: calloc (in /usr/lib/valgrind/vgpreload_memcheck-amd64-linux.so)
==2754==    by 0x5FD3898: ??? (in /usr/lib/x86_64-linux-gnu/libasound.so.2.0.0)
==2754==    by 0x5FD395C: ??? (in /usr/lib/x86_64-linux-gnu/libasound.so.2.0.0)
==2754==    by 0x5FD426C: ??? (in /usr/lib/x86_64-linux-gnu/libasound.so.2.0.0)
==2754==    by 0x5FD5FF3: ??? (in /usr/lib/x86_64-linux-gnu/libasound.so.2.0.0)
==2754==    by 0x5FD6224: ??? (in /usr/lib/x86_64-linux-gnu/libasound.so.2.0.0)
==2754==    by 0x5FD6224: ??? (in /usr/lib/x86_64-linux-gnu/libasound.so.2.0.0)
==2754==    by 0x5FD65F2: ??? (in /usr/lib/x86_64-linux-gnu/libasound.so.2.0.0)
==2754==    by 0x5FD97EA: snd_config_update_r (in /usr/lib/x86_64-linux-gnu/libasound.so.2.0.0)
==2754==    by 0x5FD9D14: snd_config_update (in /usr/lib/x86_64-linux-gnu/libasound.so.2.0.0)
==2754==    by 0x6044A04: snd_seq_open (in /usr/lib/x86_64-linux-gnu/libasound.so.2.0.0)
==2754==    by 0x405867: setupSequencer (main.c:128)
==2754== 
==2754== LEAK SUMMARY:
==2754==    definitely lost: 0 bytes in 0 blocks
==2754==    indirectly lost: 0 bytes in 0 blocks
==2754==      possibly lost: 44,644 bytes in 1,337 blocks
==2754==    still reachable: 163,433 bytes in 310 blocks
==2754==                       of which reachable via heuristic:
==2754==                         newarray           : 1,536 bytes in 16 blocks
==2754==         suppressed: 0 bytes in 0 blocks
==2754== Reachable blocks (those to which a pointer was found) are not shown.
==2754== To see them, rerun with: --leak-check=full --show-leak-kinds=all
==2754== 
==2754== For counts of detected and suppressed errors, rerun with: -v
==2754== ERROR SUMMARY: 94 errors from 94 contexts (suppressed: 0 from 0)
